Linked: (/home/cgz/catkin_ws/devel/.private/uuv_plume_msgs/share/common-lisp/ros/uuv_plume_msgs/msg/_package.lisp, /home/cgz/catkin_ws/devel/share/common-lisp/ros/uuv_plume_msgs/msg/_package.lisp)
Linked: (/home/cgz/catkin_ws/devel/.private/uuv_plume_msgs/share/common-lisp/ros/uuv_plume_msgs/msg/ParticleConcentration.lisp, /home/cgz/catkin_ws/devel/share/common-lisp/ros/uuv_plume_msgs/msg/ParticleConcentration.lisp)
Linked: (/home/cgz/catkin_ws/devel/.private/uuv_plume_msgs/share/common-lisp/ros/uuv_plume_msgs/msg/uuv_plume_msgs-msg.asd, /home/cgz/catkin_ws/devel/share/common-lisp/ros/uuv_plume_msgs/msg/uuv_plume_msgs-msg.asd)
Linked: (/home/cgz/catkin_ws/devel/.private/uuv_plume_msgs/share/common-lisp/ros/uuv_plume_msgs/msg/Salinity.lisp, /home/cgz/catkin_ws/devel/share/common-lisp/ros/uuv_plume_msgs/msg/Salinity.lisp)
Linked: (/home/cgz/catkin_ws/devel/.private/uuv_plume_msgs/share/common-lisp/ros/uuv_plume_msgs/msg/_package_Salinity.lisp, /home/cgz/catkin_ws/devel/share/common-lisp/ros/uuv_plume_msgs/msg/_package_Salinity.lisp)
Linked: (/home/cgz/catkin_ws/devel/.private/uuv_plume_msgs/share/common-lisp/ros/uuv_plume_msgs/msg/_package_ParticleConcentration.lisp, /home/cgz/catkin_ws/devel/share/common-lisp/ros/uuv_plume_msgs/msg/_package_ParticleConcentration.lisp)
Linked: (/home/cgz/catkin_ws/devel/.private/uuv_plume_msgs/share/common-lisp/ros/uuv_plume_msgs/srv/GetCurrentModel.lisp, /home/cgz/catkin_ws/devel/share/common-lisp/ros/uuv_plume_msgs/srv/GetCurrentModel.lisp)
Linked: (/home/cgz/catkin_ws/devel/.private/uuv_plume_msgs/share/common-lisp/ros/uuv_plume_msgs/srv/CreatePassiveScalarTurbulentPlume.lisp, /home/cgz/catkin_ws/devel/share/common-lisp/ros/uuv_plume_msgs/srv/CreatePassiveScalarTurbulentPlume.lisp)
Linked: (/home/cgz/catkin_ws/devel/.private/uuv_plume_msgs/share/common-lisp/ros/uuv_plume_msgs/srv/LoadPlumeParticles.lisp, /home/cgz/catkin_ws/devel/share/common-lisp/ros/uuv_plume_msgs/srv/LoadPlumeParticles.lisp)
Linked: (/home/cgz/catkin_ws/devel/.private/uuv_plume_msgs/share/common-lisp/ros/uuv_plume_msgs/srv/_package_DeletePlume.lisp, /home/cgz/catkin_ws/devel/share/common-lisp/ros/uuv_plume_msgs/srv/_package_DeletePlume.lisp)
Linked: (/home/cgz/catkin_ws/devel/.private/uuv_plume_msgs/share/common-lisp/ros/uuv_plume_msgs/srv/_package_LoadPlumeParticles.lisp, /home/cgz/catkin_ws/devel/share/common-lisp/ros/uuv_plume_msgs/srv/_package_LoadPlumeParticles.lisp)
Linked: (/home/cgz/catkin_ws/devel/.private/uuv_plume_msgs/share/common-lisp/ros/uuv_plume_msgs/srv/GetPlumeConfiguration.lisp, /home/cgz/catkin_ws/devel/share/common-lisp/ros/uuv_plume_msgs/srv/GetPlumeConfiguration.lisp)
Linked: (/home/cgz/catkin_ws/devel/.private/uuv_plume_msgs/share/common-lisp/ros/uuv_plume_msgs/srv/_package_SetCurrentDirection.lisp, /home/cgz/catkin_ws/devel/share/common-lisp/ros/uuv_plume_msgs/srv/_package_SetCurrentDirection.lisp)
Linked: (/home/cgz/catkin_ws/devel/.private/uuv_plume_msgs/share/common-lisp/ros/uuv_plume_msgs/srv/SetCurrentVelocity.lisp, /home/cgz/catkin_ws/devel/share/common-lisp/ros/uuv_plume_msgs/srv/SetCurrentVelocity.lisp)
Linked: (/home/cgz/catkin_ws/devel/.private/uuv_plume_msgs/share/common-lisp/ros/uuv_plume_msgs/srv/_package.lisp, /home/cgz/catkin_ws/devel/share/common-lisp/ros/uuv_plume_msgs/srv/_package.lisp)
Linked: (/home/cgz/catkin_ws/devel/.private/uuv_plume_msgs/share/common-lisp/ros/uuv_plume_msgs/srv/_package_GetPlumeSourcePosition.lisp, /home/cgz/catkin_ws/devel/share/common-lisp/ros/uuv_plume_msgs/srv/_package_GetPlumeSourcePosition.lisp)
Linked: (/home/cgz/catkin_ws/devel/.private/uuv_plume_msgs/share/common-lisp/ros/uuv_plume_msgs/srv/SetPlumeConfiguration.lisp, /home/cgz/catkin_ws/devel/share/common-lisp/ros/uuv_plume_msgs/srv/SetPlumeConfiguration.lisp)
Linked: (/home/cgz/catkin_ws/devel/.private/uuv_plume_msgs/share/common-lisp/ros/uuv_plume_msgs/srv/_package_CreateSpheroidPlume.lisp, /home/cgz/catkin_ws/devel/share/common-lisp/ros/uuv_plume_msgs/srv/_package_CreateSpheroidPlume.lisp)
Linked: (/home/cgz/catkin_ws/devel/.private/uuv_plume_msgs/share/common-lisp/ros/uuv_plume_msgs/srv/_package_SetPlumeLimits.lisp, /home/cgz/catkin_ws/devel/share/common-lisp/ros/uuv_plume_msgs/srv/_package_SetPlumeLimits.lisp)
Linked: (/home/cgz/catkin_ws/devel/.private/uuv_plume_msgs/share/common-lisp/ros/uuv_plume_msgs/srv/DeletePlume.lisp, /home/cgz/catkin_ws/devel/share/common-lisp/ros/uuv_plume_msgs/srv/DeletePlume.lisp)
Linked: (/home/cgz/catkin_ws/devel/.private/uuv_plume_msgs/share/common-lisp/ros/uuv_plume_msgs/srv/GetPlumeSourcePosition.lisp, /home/cgz/catkin_ws/devel/share/common-lisp/ros/uuv_plume_msgs/srv/GetPlumeSourcePosition.lisp)
Linked: (/home/cgz/catkin_ws/devel/.private/uuv_plume_msgs/share/common-lisp/ros/uuv_plume_msgs/srv/_package_GetPlumeConfiguration.lisp, /home/cgz/catkin_ws/devel/share/common-lisp/ros/uuv_plume_msgs/srv/_package_GetPlumeConfiguration.lisp)
Linked: (/home/cgz/catkin_ws/devel/.private/uuv_plume_msgs/share/common-lisp/ros/uuv_plume_msgs/srv/_package_SetCurrentVelocity.lisp, /home/cgz/catkin_ws/devel/share/common-lisp/ros/uuv_plume_msgs/srv/_package_SetCurrentVelocity.lisp)
Linked: (/home/cgz/catkin_ws/devel/.private/uuv_plume_msgs/share/common-lisp/ros/uuv_plume_msgs/srv/SetPlumeSourcePosition.lisp, /home/cgz/catkin_ws/devel/share/common-lisp/ros/uuv_plume_msgs/srv/SetPlumeSourcePosition.lisp)
Linked: (/home/cgz/catkin_ws/devel/.private/uuv_plume_msgs/share/common-lisp/ros/uuv_plume_msgs/srv/StorePlumeState.lisp, /home/cgz/catkin_ws/devel/share/common-lisp/ros/uuv_plume_msgs/srv/StorePlumeState.lisp)
Linked: (/home/cgz/catkin_ws/devel/.private/uuv_plume_msgs/share/common-lisp/ros/uuv_plume_msgs/srv/SetCurrentModel.lisp, /home/cgz/catkin_ws/devel/share/common-lisp/ros/uuv_plume_msgs/srv/SetCurrentModel.lisp)
Linked: (/home/cgz/catkin_ws/devel/.private/uuv_plume_msgs/share/common-lisp/ros/uuv_plume_msgs/srv/GetNumParticles.lisp, /home/cgz/catkin_ws/devel/share/common-lisp/ros/uuv_plume_msgs/srv/GetNumParticles.lisp)
Linked: (/home/cgz/catkin_ws/devel/.private/uuv_plume_msgs/share/common-lisp/ros/uuv_plume_msgs/srv/SetPlumeLimits.lisp, /home/cgz/catkin_ws/devel/share/common-lisp/ros/uuv_plume_msgs/srv/SetPlumeLimits.lisp)
Linked: (/home/cgz/catkin_ws/devel/.private/uuv_plume_msgs/share/common-lisp/ros/uuv_plume_msgs/srv/_package_SetPlumeConfiguration.lisp, /home/cgz/catkin_ws/devel/share/common-lisp/ros/uuv_plume_msgs/srv/_package_SetPlumeConfiguration.lisp)
Linked: (/home/cgz/catkin_ws/devel/.private/uuv_plume_msgs/share/common-lisp/ros/uuv_plume_msgs/srv/SetCurrentDirection.lisp, /home/cgz/catkin_ws/devel/share/common-lisp/ros/uuv_plume_msgs/srv/SetCurrentDirection.lisp)
Linked: (/home/cgz/catkin_ws/devel/.private/uuv_plume_msgs/share/common-lisp/ros/uuv_plume_msgs/srv/CreateSpheroidPlume.lisp, /home/cgz/catkin_ws/devel/share/common-lisp/ros/uuv_plume_msgs/srv/CreateSpheroidPlume.lisp)
Linked: (/home/cgz/catkin_ws/devel/.private/uuv_plume_msgs/share/common-lisp/ros/uuv_plume_msgs/srv/_package_StorePlumeState.lisp, /home/cgz/catkin_ws/devel/share/common-lisp/ros/uuv_plume_msgs/srv/_package_StorePlumeState.lisp)
Linked: (/home/cgz/catkin_ws/devel/.private/uuv_plume_msgs/share/common-lisp/ros/uuv_plume_msgs/srv/_package_CreatePassiveScalarTurbulentPlume.lisp, /home/cgz/catkin_ws/devel/share/common-lisp/ros/uuv_plume_msgs/srv/_package_CreatePassiveScalarTurbulentPlume.lisp)
Linked: (/home/cgz/catkin_ws/devel/.private/uuv_plume_msgs/share/common-lisp/ros/uuv_plume_msgs/srv/_package_SetCurrentModel.lisp, /home/cgz/catkin_ws/devel/share/common-lisp/ros/uuv_plume_msgs/srv/_package_SetCurrentModel.lisp)
Linked: (/home/cgz/catkin_ws/devel/.private/uuv_plume_msgs/share/common-lisp/ros/uuv_plume_msgs/srv/_package_SetPlumeSourcePosition.lisp, /home/cgz/catkin_ws/devel/share/common-lisp/ros/uuv_plume_msgs/srv/_package_SetPlumeSourcePosition.lisp)
Linked: (/home/cgz/catkin_ws/devel/.private/uuv_plume_msgs/share/common-lisp/ros/uuv_plume_msgs/srv/_package_GetCurrentModel.lisp, /home/cgz/catkin_ws/devel/share/common-lisp/ros/uuv_plume_msgs/srv/_package_GetCurrentModel.lisp)
Linked: (/home/cgz/catkin_ws/devel/.private/uuv_plume_msgs/share/common-lisp/ros/uuv_plume_msgs/srv/_package_GetNumParticles.lisp, /home/cgz/catkin_ws/devel/share/common-lisp/ros/uuv_plume_msgs/srv/_package_GetNumParticles.lisp)
Linked: (/home/cgz/catkin_ws/devel/.private/uuv_plume_msgs/share/common-lisp/ros/uuv_plume_msgs/srv/uuv_plume_msgs-srv.asd, /home/cgz/catkin_ws/devel/share/common-lisp/ros/uuv_plume_msgs/srv/uuv_plume_msgs-srv.asd)
Linked: (/home/cgz/catkin_ws/devel/.private/uuv_plume_msgs/share/gennodejs/ros/uuv_plume_msgs/_index.js, /home/cgz/catkin_ws/devel/share/gennodejs/ros/uuv_plume_msgs/_index.js)
Linked: (/home/cgz/catkin_ws/devel/.private/uuv_plume_msgs/share/gennodejs/ros/uuv_plume_msgs/msg/_index.js, /home/cgz/catkin_ws/devel/share/gennodejs/ros/uuv_plume_msgs/msg/_index.js)
Linked: (/home/cgz/catkin_ws/devel/.private/uuv_plume_msgs/share/gennodejs/ros/uuv_plume_msgs/msg/Salinity.js, /home/cgz/catkin_ws/devel/share/gennodejs/ros/uuv_plume_msgs/msg/Salinity.js)
Linked: (/home/cgz/catkin_ws/devel/.private/uuv_plume_msgs/share/gennodejs/ros/uuv_plume_msgs/msg/ParticleConcentration.js, /home/cgz/catkin_ws/devel/share/gennodejs/ros/uuv_plume_msgs/msg/ParticleConcentration.js)
Linked: (/home/cgz/catkin_ws/devel/.private/uuv_plume_msgs/share/gennodejs/ros/uuv_plume_msgs/srv/GetCurrentModel.js, /home/cgz/catkin_ws/devel/share/gennodejs/ros/uuv_plume_msgs/srv/GetCurrentModel.js)
Linked: (/home/cgz/catkin_ws/devel/.private/uuv_plume_msgs/share/gennodejs/ros/uuv_plume_msgs/srv/_index.js, /home/cgz/catkin_ws/devel/share/gennodejs/ros/uuv_plume_msgs/srv/_index.js)
Linked: (/home/cgz/catkin_ws/devel/.private/uuv_plume_msgs/share/gennodejs/ros/uuv_plume_msgs/srv/CreateSpheroidPlume.js, /home/cgz/catkin_ws/devel/share/gennodejs/ros/uuv_plume_msgs/srv/CreateSpheroidPlume.js)
Linked: (/home/cgz/catkin_ws/devel/.private/uuv_plume_msgs/share/gennodejs/ros/uuv_plume_msgs/srv/DeletePlume.js, /home/cgz/catkin_ws/devel/share/gennodejs/ros/uuv_plume_msgs/srv/DeletePlume.js)
Linked: (/home/cgz/catkin_ws/devel/.private/uuv_plume_msgs/share/gennodejs/ros/uuv_plume_msgs/srv/SetCurrentModel.js, /home/cgz/catkin_ws/devel/share/gennodejs/ros/uuv_plume_msgs/srv/SetCurrentModel.js)
Linked: (/home/cgz/catkin_ws/devel/.private/uuv_plume_msgs/share/gennodejs/ros/uuv_plume_msgs/srv/SetCurrentVelocity.js, /home/cgz/catkin_ws/devel/share/gennodejs/ros/uuv_plume_msgs/srv/SetCurrentVelocity.js)
Linked: (/home/cgz/catkin_ws/devel/.private/uuv_plume_msgs/share/gennodejs/ros/uuv_plume_msgs/srv/SetPlumeConfiguration.js, /home/cgz/catkin_ws/devel/share/gennodejs/ros/uuv_plume_msgs/srv/SetPlumeConfiguration.js)
Linked: (/home/cgz/catkin_ws/devel/.private/uuv_plume_msgs/share/gennodejs/ros/uuv_plume_msgs/srv/GetNumParticles.js, /home/cgz/catkin_ws/devel/share/gennodejs/ros/uuv_plume_msgs/srv/GetNumParticles.js)
Linked: (/home/cgz/catkin_ws/devel/.private/uuv_plume_msgs/share/gennodejs/ros/uuv_plume_msgs/srv/GetPlumeSourcePosition.js, /home/cgz/catkin_ws/devel/share/gennodejs/ros/uuv_plume_msgs/srv/GetPlumeSourcePosition.js)
Linked: (/home/cgz/catkin_ws/devel/.private/uuv_plume_msgs/share/gennodejs/ros/uuv_plume_msgs/srv/SetCurrentDirection.js, /home/cgz/catkin_ws/devel/share/gennodejs/ros/uuv_plume_msgs/srv/SetCurrentDirection.js)
Linked: (/home/cgz/catkin_ws/devel/.private/uuv_plume_msgs/share/gennodejs/ros/uuv_plume_msgs/srv/CreatePassiveScalarTurbulentPlume.js, /home/cgz/catkin_ws/devel/share/gennodejs/ros/uuv_plume_msgs/srv/CreatePassiveScalarTurbulentPlume.js)
Linked: (/home/cgz/catkin_ws/devel/.private/uuv_plume_msgs/share/gennodejs/ros/uuv_plume_msgs/srv/SetPlumeLimits.js, /home/cgz/catkin_ws/devel/share/gennodejs/ros/uuv_plume_msgs/srv/SetPlumeLimits.js)
Linked: (/home/cgz/catkin_ws/devel/.private/uuv_plume_msgs/share/gennodejs/ros/uuv_plume_msgs/srv/SetPlumeSourcePosition.js, /home/cgz/catkin_ws/devel/share/gennodejs/ros/uuv_plume_msgs/srv/SetPlumeSourcePosition.js)
Linked: (/home/cgz/catkin_ws/devel/.private/uuv_plume_msgs/share/gennodejs/ros/uuv_plume_msgs/srv/StorePlumeState.js, /home/cgz/catkin_ws/devel/share/gennodejs/ros/uuv_plume_msgs/srv/StorePlumeState.js)
Linked: (/home/cgz/catkin_ws/devel/.private/uuv_plume_msgs/share/gennodejs/ros/uuv_plume_msgs/srv/GetPlumeConfiguration.js, /home/cgz/catkin_ws/devel/share/gennodejs/ros/uuv_plume_msgs/srv/GetPlumeConfiguration.js)
Linked: (/home/cgz/catkin_ws/devel/.private/uuv_plume_msgs/share/gennodejs/ros/uuv_plume_msgs/srv/LoadPlumeParticles.js, /home/cgz/catkin_ws/devel/share/gennodejs/ros/uuv_plume_msgs/srv/LoadPlumeParticles.js)
Linked: (/home/cgz/catkin_ws/devel/.private/uuv_plume_msgs/share/roseus/ros/uuv_plume_msgs/manifest.l, /home/cgz/catkin_ws/devel/share/roseus/ros/uuv_plume_msgs/manifest.l)
Linked: (/home/cgz/catkin_ws/devel/.private/uuv_plume_msgs/share/roseus/ros/uuv_plume_msgs/msg/ParticleConcentration.l, /home/cgz/catkin_ws/devel/share/roseus/ros/uuv_plume_msgs/msg/ParticleConcentration.l)
Linked: (/home/cgz/catkin_ws/devel/.private/uuv_plume_msgs/share/roseus/ros/uuv_plume_msgs/msg/Salinity.l, /home/cgz/catkin_ws/devel/share/roseus/ros/uuv_plume_msgs/msg/Salinity.l)
Linked: (/home/cgz/catkin_ws/devel/.private/uuv_plume_msgs/share/roseus/ros/uuv_plume_msgs/srv/DeletePlume.l, /home/cgz/catkin_ws/devel/share/roseus/ros/uuv_plume_msgs/srv/DeletePlume.l)
Linked: (/home/cgz/catkin_ws/devel/.private/uuv_plume_msgs/share/roseus/ros/uuv_plume_msgs/srv/GetCurrentModel.l, /home/cgz/catkin_ws/devel/share/roseus/ros/uuv_plume_msgs/srv/GetCurrentModel.l)
Linked: (/home/cgz/catkin_ws/devel/.private/uuv_plume_msgs/share/roseus/ros/uuv_plume_msgs/srv/GetPlumeSourcePosition.l, /home/cgz/catkin_ws/devel/share/roseus/ros/uuv_plume_msgs/srv/GetPlumeSourcePosition.l)
Linked: (/home/cgz/catkin_ws/devel/.private/uuv_plume_msgs/share/roseus/ros/uuv_plume_msgs/srv/SetPlumeConfiguration.l, /home/cgz/catkin_ws/devel/share/roseus/ros/uuv_plume_msgs/srv/SetPlumeConfiguration.l)
Linked: (/home/cgz/catkin_ws/devel/.private/uuv_plume_msgs/share/roseus/ros/uuv_plume_msgs/srv/LoadPlumeParticles.l, /home/cgz/catkin_ws/devel/share/roseus/ros/uuv_plume_msgs/srv/LoadPlumeParticles.l)
Linked: (/home/cgz/catkin_ws/devel/.private/uuv_plume_msgs/share/roseus/ros/uuv_plume_msgs/srv/GetPlumeConfiguration.l, /home/cgz/catkin_ws/devel/share/roseus/ros/uuv_plume_msgs/srv/GetPlumeConfiguration.l)
Linked: (/home/cgz/catkin_ws/devel/.private/uuv_plume_msgs/share/roseus/ros/uuv_plume_msgs/srv/GetNumParticles.l, /home/cgz/catkin_ws/devel/share/roseus/ros/uuv_plume_msgs/srv/GetNumParticles.l)
Linked: (/home/cgz/catkin_ws/devel/.private/uuv_plume_msgs/share/roseus/ros/uuv_plume_msgs/srv/SetPlumeSourcePosition.l, /home/cgz/catkin_ws/devel/share/roseus/ros/uuv_plume_msgs/srv/SetPlumeSourcePosition.l)
Linked: (/home/cgz/catkin_ws/devel/.private/uuv_plume_msgs/share/roseus/ros/uuv_plume_msgs/srv/CreatePassiveScalarTurbulentPlume.l, /home/cgz/catkin_ws/devel/share/roseus/ros/uuv_plume_msgs/srv/CreatePassiveScalarTurbulentPlume.l)
Linked: (/home/cgz/catkin_ws/devel/.private/uuv_plume_msgs/share/roseus/ros/uuv_plume_msgs/srv/SetCurrentVelocity.l, /home/cgz/catkin_ws/devel/share/roseus/ros/uuv_plume_msgs/srv/SetCurrentVelocity.l)
Linked: (/home/cgz/catkin_ws/devel/.private/uuv_plume_msgs/share/roseus/ros/uuv_plume_msgs/srv/StorePlumeState.l, /home/cgz/catkin_ws/devel/share/roseus/ros/uuv_plume_msgs/srv/StorePlumeState.l)
Linked: (/home/cgz/catkin_ws/devel/.private/uuv_plume_msgs/share/roseus/ros/uuv_plume_msgs/srv/CreateSpheroidPlume.l, /home/cgz/catkin_ws/devel/share/roseus/ros/uuv_plume_msgs/srv/CreateSpheroidPlume.l)
Linked: (/home/cgz/catkin_ws/devel/.private/uuv_plume_msgs/share/roseus/ros/uuv_plume_msgs/srv/SetCurrentModel.l, /home/cgz/catkin_ws/devel/share/roseus/ros/uuv_plume_msgs/srv/SetCurrentModel.l)
Linked: (/home/cgz/catkin_ws/devel/.private/uuv_plume_msgs/share/roseus/ros/uuv_plume_msgs/srv/SetPlumeLimits.l, /home/cgz/catkin_ws/devel/share/roseus/ros/uuv_plume_msgs/srv/SetPlumeLimits.l)
Linked: (/home/cgz/catkin_ws/devel/.private/uuv_plume_msgs/share/roseus/ros/uuv_plume_msgs/srv/SetCurrentDirection.l, /home/cgz/catkin_ws/devel/share/roseus/ros/uuv_plume_msgs/srv/SetCurrentDirection.l)
Linked: (/home/cgz/catkin_ws/devel/.private/uuv_plume_msgs/share/uuv_plume_msgs/cmake/uuv_plume_msgs-msg-extras.cmake, /home/cgz/catkin_ws/devel/share/uuv_plume_msgs/cmake/uuv_plume_msgs-msg-extras.cmake)
Linked: (/home/cgz/catkin_ws/devel/.private/uuv_plume_msgs/share/uuv_plume_msgs/cmake/uuv_plume_msgsConfig-version.cmake, /home/cgz/catkin_ws/devel/share/uuv_plume_msgs/cmake/uuv_plume_msgsConfig-version.cmake)
Linked: (/home/cgz/catkin_ws/devel/.private/uuv_plume_msgs/share/uuv_plume_msgs/cmake/uuv_plume_msgs-msg-paths.cmake, /home/cgz/catkin_ws/devel/share/uuv_plume_msgs/cmake/uuv_plume_msgs-msg-paths.cmake)
Linked: (/home/cgz/catkin_ws/devel/.private/uuv_plume_msgs/share/uuv_plume_msgs/cmake/uuv_plume_msgsConfig.cmake, /home/cgz/catkin_ws/devel/share/uuv_plume_msgs/cmake/uuv_plume_msgsConfig.cmake)
Linked: (/home/cgz/catkin_ws/devel/.private/uuv_plume_msgs/lib/python3/dist-packages/uuv_plume_msgs/__init__.py, /home/cgz/catkin_ws/devel/lib/python3/dist-packages/uuv_plume_msgs/__init__.py)
Linked: (/home/cgz/catkin_ws/devel/.private/uuv_plume_msgs/lib/python3/dist-packages/uuv_plume_msgs/msg/__init__.py, /home/cgz/catkin_ws/devel/lib/python3/dist-packages/uuv_plume_msgs/msg/__init__.py)
Linked: (/home/cgz/catkin_ws/devel/.private/uuv_plume_msgs/lib/python3/dist-packages/uuv_plume_msgs/msg/_Salinity.py, /home/cgz/catkin_ws/devel/lib/python3/dist-packages/uuv_plume_msgs/msg/_Salinity.py)
Linked: (/home/cgz/catkin_ws/devel/.private/uuv_plume_msgs/lib/python3/dist-packages/uuv_plume_msgs/msg/_ParticleConcentration.py, /home/cgz/catkin_ws/devel/lib/python3/dist-packages/uuv_plume_msgs/msg/_ParticleConcentration.py)
Linked: (/home/cgz/catkin_ws/devel/.private/uuv_plume_msgs/lib/python3/dist-packages/uuv_plume_msgs/srv/_LoadPlumeParticles.py, /home/cgz/catkin_ws/devel/lib/python3/dist-packages/uuv_plume_msgs/srv/_LoadPlumeParticles.py)
Linked: (/home/cgz/catkin_ws/devel/.private/uuv_plume_msgs/lib/python3/dist-packages/uuv_plume_msgs/srv/_GetPlumeSourcePosition.py, /home/cgz/catkin_ws/devel/lib/python3/dist-packages/uuv_plume_msgs/srv/_GetPlumeSourcePosition.py)
Linked: (/home/cgz/catkin_ws/devel/.private/uuv_plume_msgs/lib/python3/dist-packages/uuv_plume_msgs/srv/_CreatePassiveScalarTurbulentPlume.py, /home/cgz/catkin_ws/devel/lib/python3/dist-packages/uuv_plume_msgs/srv/_CreatePassiveScalarTurbulentPlume.py)
Linked: (/home/cgz/catkin_ws/devel/.private/uuv_plume_msgs/lib/python3/dist-packages/uuv_plume_msgs/srv/_SetCurrentDirection.py, /home/cgz/catkin_ws/devel/lib/python3/dist-packages/uuv_plume_msgs/srv/_SetCurrentDirection.py)
Linked: (/home/cgz/catkin_ws/devel/.private/uuv_plume_msgs/lib/python3/dist-packages/uuv_plume_msgs/srv/_SetPlumeSourcePosition.py, /home/cgz/catkin_ws/devel/lib/python3/dist-packages/uuv_plume_msgs/srv/_SetPlumeSourcePosition.py)
Linked: (/home/cgz/catkin_ws/devel/.private/uuv_plume_msgs/lib/python3/dist-packages/uuv_plume_msgs/srv/__init__.py, /home/cgz/catkin_ws/devel/lib/python3/dist-packages/uuv_plume_msgs/srv/__init__.py)
Linked: (/home/cgz/catkin_ws/devel/.private/uuv_plume_msgs/lib/python3/dist-packages/uuv_plume_msgs/srv/_GetPlumeConfiguration.py, /home/cgz/catkin_ws/devel/lib/python3/dist-packages/uuv_plume_msgs/srv/_GetPlumeConfiguration.py)
Linked: (/home/cgz/catkin_ws/devel/.private/uuv_plume_msgs/lib/python3/dist-packages/uuv_plume_msgs/srv/_DeletePlume.py, /home/cgz/catkin_ws/devel/lib/python3/dist-packages/uuv_plume_msgs/srv/_DeletePlume.py)
Linked: (/home/cgz/catkin_ws/devel/.private/uuv_plume_msgs/lib/python3/dist-packages/uuv_plume_msgs/srv/_SetCurrentVelocity.py, /home/cgz/catkin_ws/devel/lib/python3/dist-packages/uuv_plume_msgs/srv/_SetCurrentVelocity.py)
Linked: (/home/cgz/catkin_ws/devel/.private/uuv_plume_msgs/lib/python3/dist-packages/uuv_plume_msgs/srv/_StorePlumeState.py, /home/cgz/catkin_ws/devel/lib/python3/dist-packages/uuv_plume_msgs/srv/_StorePlumeState.py)
Linked: (/home/cgz/catkin_ws/devel/.private/uuv_plume_msgs/lib/python3/dist-packages/uuv_plume_msgs/srv/_SetCurrentModel.py, /home/cgz/catkin_ws/devel/lib/python3/dist-packages/uuv_plume_msgs/srv/_SetCurrentModel.py)
Linked: (/home/cgz/catkin_ws/devel/.private/uuv_plume_msgs/lib/python3/dist-packages/uuv_plume_msgs/srv/_SetPlumeConfiguration.py, /home/cgz/catkin_ws/devel/lib/python3/dist-packages/uuv_plume_msgs/srv/_SetPlumeConfiguration.py)
Linked: (/home/cgz/catkin_ws/devel/.private/uuv_plume_msgs/lib/python3/dist-packages/uuv_plume_msgs/srv/_GetNumParticles.py, /home/cgz/catkin_ws/devel/lib/python3/dist-packages/uuv_plume_msgs/srv/_GetNumParticles.py)
Linked: (/home/cgz/catkin_ws/devel/.private/uuv_plume_msgs/lib/python3/dist-packages/uuv_plume_msgs/srv/_SetPlumeLimits.py, /home/cgz/catkin_ws/devel/lib/python3/dist-packages/uuv_plume_msgs/srv/_SetPlumeLimits.py)
Linked: (/home/cgz/catkin_ws/devel/.private/uuv_plume_msgs/lib/python3/dist-packages/uuv_plume_msgs/srv/_GetCurrentModel.py, /home/cgz/catkin_ws/devel/lib/python3/dist-packages/uuv_plume_msgs/srv/_GetCurrentModel.py)
Linked: (/home/cgz/catkin_ws/devel/.private/uuv_plume_msgs/lib/python3/dist-packages/uuv_plume_msgs/srv/_CreateSpheroidPlume.py, /home/cgz/catkin_ws/devel/lib/python3/dist-packages/uuv_plume_msgs/srv/_CreateSpheroidPlume.py)
Linked: (/home/cgz/catkin_ws/devel/.private/uuv_plume_msgs/lib/pkgconfig/uuv_plume_msgs.pc, /home/cgz/catkin_ws/devel/lib/pkgconfig/uuv_plume_msgs.pc)
Linked: (/home/cgz/catkin_ws/devel/.private/uuv_plume_msgs/include/uuv_plume_msgs/ParticleConcentration.h, /home/cgz/catkin_ws/devel/include/uuv_plume_msgs/ParticleConcentration.h)
Linked: (/home/cgz/catkin_ws/devel/.private/uuv_plume_msgs/include/uuv_plume_msgs/LoadPlumeParticlesResponse.h, /home/cgz/catkin_ws/devel/include/uuv_plume_msgs/LoadPlumeParticlesResponse.h)
Linked: (/home/cgz/catkin_ws/devel/.private/uuv_plume_msgs/include/uuv_plume_msgs/SetCurrentVelocityRequest.h, /home/cgz/catkin_ws/devel/include/uuv_plume_msgs/SetCurrentVelocityRequest.h)
Linked: (/home/cgz/catkin_ws/devel/.private/uuv_plume_msgs/include/uuv_plume_msgs/SetPlumeLimitsResponse.h, /home/cgz/catkin_ws/devel/include/uuv_plume_msgs/SetPlumeLimitsResponse.h)
Linked: (/home/cgz/catkin_ws/devel/.private/uuv_plume_msgs/include/uuv_plume_msgs/DeletePlume.h, /home/cgz/catkin_ws/devel/include/uuv_plume_msgs/DeletePlume.h)
Linked: (/home/cgz/catkin_ws/devel/.private/uuv_plume_msgs/include/uuv_plume_msgs/SetPlumeSourcePositionResponse.h, /home/cgz/catkin_ws/devel/include/uuv_plume_msgs/SetPlumeSourcePositionResponse.h)
Linked: (/home/cgz/catkin_ws/devel/.private/uuv_plume_msgs/include/uuv_plume_msgs/GetPlumeSourcePositionResponse.h, /home/cgz/catkin_ws/devel/include/uuv_plume_msgs/GetPlumeSourcePositionResponse.h)
Linked: (/home/cgz/catkin_ws/devel/.private/uuv_plume_msgs/include/uuv_plume_msgs/Salinity.h, /home/cgz/catkin_ws/devel/include/uuv_plume_msgs/Salinity.h)
Linked: (/home/cgz/catkin_ws/devel/.private/uuv_plume_msgs/include/uuv_plume_msgs/SetPlumeLimits.h, /home/cgz/catkin_ws/devel/include/uuv_plume_msgs/SetPlumeLimits.h)
Linked: (/home/cgz/catkin_ws/devel/.private/uuv_plume_msgs/include/uuv_plume_msgs/GetPlumeConfigurationResponse.h, /home/cgz/catkin_ws/devel/include/uuv_plume_msgs/GetPlumeConfigurationResponse.h)
Linked: (/home/cgz/catkin_ws/devel/.private/uuv_plume_msgs/include/uuv_plume_msgs/CreateSpheroidPlumeRequest.h, /home/cgz/catkin_ws/devel/include/uuv_plume_msgs/CreateSpheroidPlumeRequest.h)
Linked: (/home/cgz/catkin_ws/devel/.private/uuv_plume_msgs/include/uuv_plume_msgs/SetCurrentDirectionResponse.h, /home/cgz/catkin_ws/devel/include/uuv_plume_msgs/SetCurrentDirectionResponse.h)
Linked: (/home/cgz/catkin_ws/devel/.private/uuv_plume_msgs/include/uuv_plume_msgs/GetNumParticles.h, /home/cgz/catkin_ws/devel/include/uuv_plume_msgs/GetNumParticles.h)
Linked: (/home/cgz/catkin_ws/devel/.private/uuv_plume_msgs/include/uuv_plume_msgs/GetCurrentModelRequest.h, /home/cgz/catkin_ws/devel/include/uuv_plume_msgs/GetCurrentModelRequest.h)
Linked: (/home/cgz/catkin_ws/devel/.private/uuv_plume_msgs/include/uuv_plume_msgs/StorePlumeStateRequest.h, /home/cgz/catkin_ws/devel/include/uuv_plume_msgs/StorePlumeStateRequest.h)
Linked: (/home/cgz/catkin_ws/devel/.private/uuv_plume_msgs/include/uuv_plume_msgs/StorePlumeStateResponse.h, /home/cgz/catkin_ws/devel/include/uuv_plume_msgs/StorePlumeStateResponse.h)
Linked: (/home/cgz/catkin_ws/devel/.private/uuv_plume_msgs/include/uuv_plume_msgs/CreateSpheroidPlumeResponse.h, /home/cgz/catkin_ws/devel/include/uuv_plume_msgs/CreateSpheroidPlumeResponse.h)
Linked: (/home/cgz/catkin_ws/devel/.private/uuv_plume_msgs/include/uuv_plume_msgs/GetCurrentModelResponse.h, /home/cgz/catkin_ws/devel/include/uuv_plume_msgs/GetCurrentModelResponse.h)
Linked: (/home/cgz/catkin_ws/devel/.private/uuv_plume_msgs/include/uuv_plume_msgs/SetPlumeConfigurationResponse.h, /home/cgz/catkin_ws/devel/include/uuv_plume_msgs/SetPlumeConfigurationResponse.h)
Linked: (/home/cgz/catkin_ws/devel/.private/uuv_plume_msgs/include/uuv_plume_msgs/SetCurrentModelResponse.h, /home/cgz/catkin_ws/devel/include/uuv_plume_msgs/SetCurrentModelResponse.h)
Linked: (/home/cgz/catkin_ws/devel/.private/uuv_plume_msgs/include/uuv_plume_msgs/SetPlumeConfiguration.h, /home/cgz/catkin_ws/devel/include/uuv_plume_msgs/SetPlumeConfiguration.h)
Linked: (/home/cgz/catkin_ws/devel/.private/uuv_plume_msgs/include/uuv_plume_msgs/StorePlumeState.h, /home/cgz/catkin_ws/devel/include/uuv_plume_msgs/StorePlumeState.h)
Linked: (/home/cgz/catkin_ws/devel/.private/uuv_plume_msgs/include/uuv_plume_msgs/CreatePassiveScalarTurbulentPlumeRequest.h, /home/cgz/catkin_ws/devel/include/uuv_plume_msgs/CreatePassiveScalarTurbulentPlumeRequest.h)
Linked: (/home/cgz/catkin_ws/devel/.private/uuv_plume_msgs/include/uuv_plume_msgs/GetNumParticlesResponse.h, /home/cgz/catkin_ws/devel/include/uuv_plume_msgs/GetNumParticlesResponse.h)
Linked: (/home/cgz/catkin_ws/devel/.private/uuv_plume_msgs/include/uuv_plume_msgs/CreatePassiveScalarTurbulentPlumeResponse.h, /home/cgz/catkin_ws/devel/include/uuv_plume_msgs/CreatePassiveScalarTurbulentPlumeResponse.h)
Linked: (/home/cgz/catkin_ws/devel/.private/uuv_plume_msgs/include/uuv_plume_msgs/SetPlumeConfigurationRequest.h, /home/cgz/catkin_ws/devel/include/uuv_plume_msgs/SetPlumeConfigurationRequest.h)
Linked: (/home/cgz/catkin_ws/devel/.private/uuv_plume_msgs/include/uuv_plume_msgs/GetPlumeConfigurationRequest.h, /home/cgz/catkin_ws/devel/include/uuv_plume_msgs/GetPlumeConfigurationRequest.h)
Linked: (/home/cgz/catkin_ws/devel/.private/uuv_plume_msgs/include/uuv_plume_msgs/DeletePlumeRequest.h, /home/cgz/catkin_ws/devel/include/uuv_plume_msgs/DeletePlumeRequest.h)
Linked: (/home/cgz/catkin_ws/devel/.private/uuv_plume_msgs/include/uuv_plume_msgs/SetCurrentModel.h, /home/cgz/catkin_ws/devel/include/uuv_plume_msgs/SetCurrentModel.h)
Linked: (/home/cgz/catkin_ws/devel/.private/uuv_plume_msgs/include/uuv_plume_msgs/GetCurrentModel.h, /home/cgz/catkin_ws/devel/include/uuv_plume_msgs/GetCurrentModel.h)
Linked: (/home/cgz/catkin_ws/devel/.private/uuv_plume_msgs/include/uuv_plume_msgs/LoadPlumeParticlesRequest.h, /home/cgz/catkin_ws/devel/include/uuv_plume_msgs/LoadPlumeParticlesRequest.h)
Linked: (/home/cgz/catkin_ws/devel/.private/uuv_plume_msgs/include/uuv_plume_msgs/CreatePassiveScalarTurbulentPlume.h, /home/cgz/catkin_ws/devel/include/uuv_plume_msgs/CreatePassiveScalarTurbulentPlume.h)
Linked: (/home/cgz/catkin_ws/devel/.private/uuv_plume_msgs/include/uuv_plume_msgs/SetCurrentVelocity.h, /home/cgz/catkin_ws/devel/include/uuv_plume_msgs/SetCurrentVelocity.h)
Linked: (/home/cgz/catkin_ws/devel/.private/uuv_plume_msgs/include/uuv_plume_msgs/SetPlumeSourcePosition.h, /home/cgz/catkin_ws/devel/include/uuv_plume_msgs/SetPlumeSourcePosition.h)
Linked: (/home/cgz/catkin_ws/devel/.private/uuv_plume_msgs/include/uuv_plume_msgs/SetCurrentModelRequest.h, /home/cgz/catkin_ws/devel/include/uuv_plume_msgs/SetCurrentModelRequest.h)
Linked: (/home/cgz/catkin_ws/devel/.private/uuv_plume_msgs/include/uuv_plume_msgs/LoadPlumeParticles.h, /home/cgz/catkin_ws/devel/include/uuv_plume_msgs/LoadPlumeParticles.h)
Linked: (/home/cgz/catkin_ws/devel/.private/uuv_plume_msgs/include/uuv_plume_msgs/GetPlumeSourcePositionRequest.h, /home/cgz/catkin_ws/devel/include/uuv_plume_msgs/GetPlumeSourcePositionRequest.h)
Linked: (/home/cgz/catkin_ws/devel/.private/uuv_plume_msgs/include/uuv_plume_msgs/SetPlumeSourcePositionRequest.h, /home/cgz/catkin_ws/devel/include/uuv_plume_msgs/SetPlumeSourcePositionRequest.h)
Linked: (/home/cgz/catkin_ws/devel/.private/uuv_plume_msgs/include/uuv_plume_msgs/GetPlumeSourcePosition.h, /home/cgz/catkin_ws/devel/include/uuv_plume_msgs/GetPlumeSourcePosition.h)
Linked: (/home/cgz/catkin_ws/devel/.private/uuv_plume_msgs/include/uuv_plume_msgs/SetCurrentVelocityResponse.h, /home/cgz/catkin_ws/devel/include/uuv_plume_msgs/SetCurrentVelocityResponse.h)
Linked: (/home/cgz/catkin_ws/devel/.private/uuv_plume_msgs/include/uuv_plume_msgs/CreateSpheroidPlume.h, /home/cgz/catkin_ws/devel/include/uuv_plume_msgs/CreateSpheroidPlume.h)
Linked: (/home/cgz/catkin_ws/devel/.private/uuv_plume_msgs/include/uuv_plume_msgs/GetPlumeConfiguration.h, /home/cgz/catkin_ws/devel/include/uuv_plume_msgs/GetPlumeConfiguration.h)
Linked: (/home/cgz/catkin_ws/devel/.private/uuv_plume_msgs/include/uuv_plume_msgs/GetNumParticlesRequest.h, /home/cgz/catkin_ws/devel/include/uuv_plume_msgs/GetNumParticlesRequest.h)
Linked: (/home/cgz/catkin_ws/devel/.private/uuv_plume_msgs/include/uuv_plume_msgs/DeletePlumeResponse.h, /home/cgz/catkin_ws/devel/include/uuv_plume_msgs/DeletePlumeResponse.h)
Linked: (/home/cgz/catkin_ws/devel/.private/uuv_plume_msgs/include/uuv_plume_msgs/SetPlumeLimitsRequest.h, /home/cgz/catkin_ws/devel/include/uuv_plume_msgs/SetPlumeLimitsRequest.h)
Linked: (/home/cgz/catkin_ws/devel/.private/uuv_plume_msgs/include/uuv_plume_msgs/SetCurrentDirectionRequest.h, /home/cgz/catkin_ws/devel/include/uuv_plume_msgs/SetCurrentDirectionRequest.h)
Linked: (/home/cgz/catkin_ws/devel/.private/uuv_plume_msgs/include/uuv_plume_msgs/SetCurrentDirection.h, /home/cgz/catkin_ws/devel/include/uuv_plume_msgs/SetCurrentDirection.h)
