[35m[1mScanning dependencies of target _uuv_plume_msgs_generate_messages_check_deps_LoadPlumeParticles[0m
[35m[1mScanning dependencies of target _uuv_plume_msgs_generate_messages_check_deps_Salinity[0m
[  0%] Built target _uuv_plume_msgs_generate_messages_check_deps_Salinity
[35m[1mScanning dependencies of target _uuv_plume_msgs_generate_messages_check_deps_SetPlumeConfiguration[0m
[35m[1mScanning dependencies of target _uuv_plume_msgs_generate_messages_check_deps_CreatePassiveScalarTurbulentPlume[0m
[35m[1mScanning dependencies of target geometry_msgs_generate_messages_py[0m
[  0%] Built target _uuv_plume_msgs_generate_messages_check_deps_LoadPlumeParticles
[  0%] Built target _uuv_plume_msgs_generate_messages_check_deps_SetPlumeConfiguration
[  0%] Built target geometry_msgs_generate_messages_py
[  0%] Built target _uuv_plume_msgs_generate_messages_check_deps_CreatePassiveScalarTurbulentPlume
[35m[1mScanning dependencies of target _uuv_plume_msgs_generate_messages_check_deps_StorePlumeState[0m
[35m[1mScanning dependencies of target geographic_msgs_generate_messages_py[0m
[  0%] Built target geographic_msgs_generate_messages_py
[35m[1mScanning dependencies of target _uuv_plume_msgs_generate_messages_check_deps_SetPlumeLimits[0m
[35m[1mScanning dependencies of target _uuv_plume_msgs_generate_messages_check_deps_ParticleConcentration[0m
[  0%] Built target _uuv_plume_msgs_generate_messages_check_deps_SetPlumeLimits
[  0%] Built target _uuv_plume_msgs_generate_messages_check_deps_StorePlumeState
[  0%] Built target _uuv_plume_msgs_generate_messages_check_deps_ParticleConcentration
[35m[1mScanning dependencies of target _uuv_plume_msgs_generate_messages_check_deps_GetCurrentModel[0m
[35m[1mScanning dependencies of target _uuv_plume_msgs_generate_messages_check_deps_GetNumParticles[0m
[35m[1mScanning dependencies of target std_msgs_generate_messages_py[0m
[35m[1mScanning dependencies of target _uuv_plume_msgs_generate_messages_check_deps_CreateSpheroidPlume[0m
[  0%] Built target std_msgs_generate_messages_py
[35m[1mScanning dependencies of target _uuv_plume_msgs_generate_messages_check_deps_DeletePlume[0m
[  0%] Built target _uuv_plume_msgs_generate_messages_check_deps_GetNumParticles
[35m[1mScanning dependencies of target _uuv_plume_msgs_generate_messages_check_deps_GetPlumeConfiguration[0m
[35m[1mScanning dependencies of target _uuv_plume_msgs_generate_messages_check_deps_SetCurrentDirection[0m
[35m[1mScanning dependencies of target _uuv_plume_msgs_generate_messages_check_deps_SetCurrentModel[0m
[  0%] Built target _uuv_plume_msgs_generate_messages_check_deps_CreateSpheroidPlume
[  0%] Built target _uuv_plume_msgs_generate_messages_check_deps_GetCurrentModel
[  0%] Built target _uuv_plume_msgs_generate_messages_check_deps_DeletePlume
[  0%] Built target _uuv_plume_msgs_generate_messages_check_deps_GetPlumeConfiguration
[35m[1mScanning dependencies of target _uuv_plume_msgs_generate_messages_check_deps_SetPlumeSourcePosition[0m
[  0%] Built target _uuv_plume_msgs_generate_messages_check_deps_SetCurrentDirection
[  0%] Built target _uuv_plume_msgs_generate_messages_check_deps_SetCurrentModel
[  0%] Built target _uuv_plume_msgs_generate_messages_check_deps_SetPlumeSourcePosition
[35m[1mScanning dependencies of target _uuv_plume_msgs_generate_messages_check_deps_SetCurrentVelocity[0m
[35m[1mScanning dependencies of target _uuv_plume_msgs_generate_messages_check_deps_GetPlumeSourcePosition[0m
[  0%] Built target _uuv_plume_msgs_generate_messages_check_deps_SetCurrentVelocity
[  0%] Built target _uuv_plume_msgs_generate_messages_check_deps_GetPlumeSourcePosition
[35m[1mScanning dependencies of target geographic_msgs_generate_messages_nodejs[0m
[  0%] Built target geographic_msgs_generate_messages_nodejs
[35m[1mScanning dependencies of target std_msgs_generate_messages_nodejs[0m
[  0%] Built target std_msgs_generate_messages_nodejs
[35m[1mScanning dependencies of target geometry_msgs_generate_messages_nodejs[0m
[35m[1mScanning dependencies of target std_msgs_generate_messages_eus[0m
[35m[1mScanning dependencies of target geographic_msgs_generate_messages_eus[0m
[  0%] Built target geometry_msgs_generate_messages_nodejs
[  0%] Built target std_msgs_generate_messages_eus
[35m[1mScanning dependencies of target geometry_msgs_generate_messages_eus[0m
[  0%] Built target geographic_msgs_generate_messages_eus
[35m[1mScanning dependencies of target geographic_msgs_generate_messages_lisp[0m
[35m[1mScanning dependencies of target std_msgs_generate_messages_lisp[0m
[  0%] Built target geometry_msgs_generate_messages_eus
[  0%] Built target geographic_msgs_generate_messages_lisp
[  0%] Built target std_msgs_generate_messages_lisp
[35m[1mScanning dependencies of target geographic_msgs_generate_messages_cpp[0m
[35m[1mScanning dependencies of target geometry_msgs_generate_messages_lisp[0m
[35m[1mScanning dependencies of target std_msgs_generate_messages_cpp[0m
[  0%] Built target geographic_msgs_generate_messages_cpp
[  0%] Built target geometry_msgs_generate_messages_lisp
[  0%] Built target std_msgs_generate_messages_cpp
[35m[1mScanning dependencies of target geometry_msgs_generate_messages_cpp[0m
[  0%] Built target geometry_msgs_generate_messages_cpp
[35m[1mScanning dependencies of target uuv_plume_msgs_generate_messages_py[0m
[  1%] [34m[1mGenerating Python from MSG uuv_plume_msgs/ParticleConcentration[0m
[35m[1mScanning dependencies of target uuv_plume_msgs_generate_messages_nodejs[0m
[  2%] [34m[1mGenerating Javascript code from uuv_plume_msgs/ParticleConcentration.msg[0m
[  3%] [34m[1mGenerating Javascript code from uuv_plume_msgs/Salinity.msg[0m
[  4%] [34m[1mGenerating Python from MSG uuv_plume_msgs/Salinity[0m
[  5%] [34m[1mGenerating Python code from SRV uuv_plume_msgs/CreatePassiveScalarTurbulentPlume[0m
[  6%] [34m[1mGenerating Javascript code from uuv_plume_msgs/CreatePassiveScalarTurbulentPlume.srv[0m
[  7%] [34m[1mGenerating Javascript code from uuv_plume_msgs/CreateSpheroidPlume.srv[0m
[  9%] [34m[1mGenerating Python code from SRV uuv_plume_msgs/CreateSpheroidPlume[0m
[ 10%] [34m[1mGenerating Javascript code from uuv_plume_msgs/SetPlumeLimits.srv[0m
[ 11%] [34m[1mGenerating Python code from SRV uuv_plume_msgs/SetPlumeLimits[0m
[ 12%] [34m[1mGenerating Python code from SRV uuv_plume_msgs/SetPlumeConfiguration[0m
[ 13%] [34m[1mGenerating Javascript code from uuv_plume_msgs/SetPlumeConfiguration.srv[0m
[ 14%] [34m[1mGenerating Javascript code from uuv_plume_msgs/GetPlumeConfiguration.srv[0m
[ 15%] [34m[1mGenerating Javascript code from uuv_plume_msgs/DeletePlume.srv[0m
[ 17%] [34m[1mGenerating Javascript code from uuv_plume_msgs/SetPlumeSourcePosition.srv[0m
[ 18%] [34m[1mGenerating Python code from SRV uuv_plume_msgs/GetPlumeConfiguration[0m
[ 19%] [34m[1mGenerating Javascript code from uuv_plume_msgs/GetPlumeSourcePosition.srv[0m
[ 20%] [34m[1mGenerating Javascript code from uuv_plume_msgs/GetNumParticles.srv[0m
[ 21%] [34m[1mGenerating Python code from SRV uuv_plume_msgs/DeletePlume[0m
[ 22%] [34m[1mGenerating Javascript code from uuv_plume_msgs/StorePlumeState.srv[0m
[ 23%] [34m[1mGenerating Javascript code from uuv_plume_msgs/LoadPlumeParticles.srv[0m
[ 25%] [34m[1mGenerating Javascript code from uuv_plume_msgs/SetCurrentDirection.srv[0m
[ 26%] [34m[1mGenerating Python code from SRV uuv_plume_msgs/SetPlumeSourcePosition[0m
[ 27%] [34m[1mGenerating Javascript code from uuv_plume_msgs/SetCurrentModel.srv[0m
[ 28%] [34m[1mGenerating Javascript code from uuv_plume_msgs/GetCurrentModel.srv[0m
[ 29%] [34m[1mGenerating Javascript code from uuv_plume_msgs/SetCurrentVelocity.srv[0m
[ 29%] Built target uuv_plume_msgs_generate_messages_nodejs
[ 30%] [34m[1mGenerating Python code from SRV uuv_plume_msgs/GetPlumeSourcePosition[0m
[ 31%] [34m[1mGenerating Python code from SRV uuv_plume_msgs/GetNumParticles[0m
[ 32%] [34m[1mGenerating Python code from SRV uuv_plume_msgs/StorePlumeState[0m
[ 34%] [34m[1mGenerating Python code from SRV uuv_plume_msgs/LoadPlumeParticles[0m
[35m[1mScanning dependencies of target uuv_plume_msgs_generate_messages_eus[0m
[ 35%] [34m[1mGenerating Python code from SRV uuv_plume_msgs/SetCurrentDirection[0m
[ 36%] [34m[1mGenerating EusLisp code from uuv_plume_msgs/ParticleConcentration.msg[0m
[ 37%] [34m[1mGenerating EusLisp code from uuv_plume_msgs/Salinity.msg[0m
[35m[1mScanning dependencies of target uuv_plume_msgs_generate_messages_lisp[0m
[ 38%] [34m[1mGenerating EusLisp code from uuv_plume_msgs/CreatePassiveScalarTurbulentPlume.srv[0m
[ 39%] [34m[1mGenerating Lisp code from uuv_plume_msgs/ParticleConcentration.msg[0m
[ 40%] [34m[1mGenerating Python code from SRV uuv_plume_msgs/SetCurrentModel[0m
[ 42%] [34m[1mGenerating Lisp code from uuv_plume_msgs/Salinity.msg[0m
[ 43%] [34m[1mGenerating EusLisp code from uuv_plume_msgs/CreateSpheroidPlume.srv[0m
[ 44%] [34m[1mGenerating Python code from SRV uuv_plume_msgs/GetCurrentModel[0m
[ 45%] [34m[1mGenerating Python code from SRV uuv_plume_msgs/SetCurrentVelocity[0m
[ 46%] [34m[1mGenerating EusLisp code from uuv_plume_msgs/SetPlumeLimits.srv[0m
[ 47%] [34m[1mGenerating Lisp code from uuv_plume_msgs/CreatePassiveScalarTurbulentPlume.srv[0m
[ 48%] [34m[1mGenerating Lisp code from uuv_plume_msgs/CreateSpheroidPlume.srv[0m
[ 50%] [34m[1mGenerating EusLisp code from uuv_plume_msgs/SetPlumeConfiguration.srv[0m
[ 51%] [34m[1mGenerating Lisp code from uuv_plume_msgs/SetPlumeLimits.srv[0m
[ 52%] [34m[1mGenerating Python msg __init__.py for uuv_plume_msgs[0m
[ 53%] [34m[1mGenerating Lisp code from uuv_plume_msgs/SetPlumeConfiguration.srv[0m
[ 54%] [34m[1mGenerating Lisp code from uuv_plume_msgs/GetPlumeConfiguration.srv[0m
[ 55%] [34m[1mGenerating EusLisp code from uuv_plume_msgs/GetPlumeConfiguration.srv[0m
[35m[1mScanning dependencies of target uuv_plume_msgs_generate_messages_cpp[0m
[ 56%] [34m[1mGenerating Lisp code from uuv_plume_msgs/DeletePlume.srv[0m
[ 57%] [34m[1mGenerating C++ code from uuv_plume_msgs/ParticleConcentration.msg[0m
[ 59%] [34m[1mGenerating Python srv __init__.py for uuv_plume_msgs[0m
[ 60%] [34m[1mGenerating EusLisp code from uuv_plume_msgs/DeletePlume.srv[0m
[ 61%] [34m[1mGenerating C++ code from uuv_plume_msgs/Salinity.msg[0m
[ 62%] [34m[1mGenerating Lisp code from uuv_plume_msgs/SetPlumeSourcePosition.srv[0m
[ 63%] [34m[1mGenerating C++ code from uuv_plume_msgs/CreatePassiveScalarTurbulentPlume.srv[0m
[ 64%] [34m[1mGenerating Lisp code from uuv_plume_msgs/GetPlumeSourcePosition.srv[0m
[ 65%] [34m[1mGenerating EusLisp code from uuv_plume_msgs/SetPlumeSourcePosition.srv[0m
[ 67%] [34m[1mGenerating Lisp code from uuv_plume_msgs/GetNumParticles.srv[0m
[ 68%] [34m[1mGenerating C++ code from uuv_plume_msgs/CreateSpheroidPlume.srv[0m
[ 69%] [34m[1mGenerating Lisp code from uuv_plume_msgs/StorePlumeState.srv[0m
[ 70%] [34m[1mGenerating EusLisp code from uuv_plume_msgs/GetPlumeSourcePosition.srv[0m
[ 70%] Built target uuv_plume_msgs_generate_messages_py
[ 71%] [34m[1mGenerating EusLisp code from uuv_plume_msgs/GetNumParticles.srv[0m
[ 72%] [34m[1mGenerating Lisp code from uuv_plume_msgs/LoadPlumeParticles.srv[0m
[ 73%] [34m[1mGenerating Lisp code from uuv_plume_msgs/SetCurrentDirection.srv[0m
[ 75%] [34m[1mGenerating Lisp code from uuv_plume_msgs/SetCurrentModel.srv[0m
[ 76%] [34m[1mGenerating Lisp code from uuv_plume_msgs/GetCurrentModel.srv[0m
[ 77%] [34m[1mGenerating EusLisp code from uuv_plume_msgs/StorePlumeState.srv[0m
[ 78%] [34m[1mGenerating Lisp code from uuv_plume_msgs/SetCurrentVelocity.srv[0m
[ 79%] [34m[1mGenerating EusLisp code from uuv_plume_msgs/LoadPlumeParticles.srv[0m
[ 80%] [34m[1mGenerating C++ code from uuv_plume_msgs/SetPlumeLimits.srv[0m
[ 80%] Built target uuv_plume_msgs_generate_messages_lisp
[ 81%] [34m[1mGenerating EusLisp code from uuv_plume_msgs/SetCurrentDirection.srv[0m
[ 82%] [34m[1mGenerating EusLisp code from uuv_plume_msgs/SetCurrentModel.srv[0m
[ 84%] [34m[1mGenerating C++ code from uuv_plume_msgs/GetPlumeConfiguration.srv[0m
[ 85%] [34m[1mGenerating C++ code from uuv_plume_msgs/SetPlumeConfiguration.srv[0m
[ 86%] [34m[1mGenerating C++ code from uuv_plume_msgs/DeletePlume.srv[0m
[ 87%] [34m[1mGenerating EusLisp code from uuv_plume_msgs/GetCurrentModel.srv[0m
[ 89%] [34m[1mGenerating C++ code from uuv_plume_msgs/SetPlumeSourcePosition.srv[0m
[ 89%] [34m[1mGenerating C++ code from uuv_plume_msgs/GetPlumeSourcePosition.srv[0m
[ 90%] [34m[1mGenerating C++ code from uuv_plume_msgs/GetNumParticles.srv[0m
[ 92%] [34m[1mGenerating EusLisp code from uuv_plume_msgs/SetCurrentVelocity.srv[0m
[ 93%] [34m[1mGenerating EusLisp manifest code for uuv_plume_msgs[0m
[ 94%] [34m[1mGenerating C++ code from uuv_plume_msgs/StorePlumeState.srv[0m
[ 95%] [34m[1mGenerating C++ code from uuv_plume_msgs/LoadPlumeParticles.srv[0m
[ 96%] [34m[1mGenerating C++ code from uuv_plume_msgs/SetCurrentDirection.srv[0m
[ 97%] [34m[1mGenerating C++ code from uuv_plume_msgs/SetCurrentModel.srv[0m
[ 98%] [34m[1mGenerating C++ code from uuv_plume_msgs/GetCurrentModel.srv[0m
[100%] [34m[1mGenerating C++ code from uuv_plume_msgs/SetCurrentVelocity.srv[0m
[100%] Built target uuv_plume_msgs_generate_messages_cpp
[100%] Built target uuv_plume_msgs_generate_messages_eus
[35m[1mScanning dependencies of target uuv_plume_msgs_generate_messages[0m
[100%] Built target uuv_plume_msgs_generate_messages
