Symlinking /home/cgz/catkin_ws/devel/share/common-lisp/ros/uuv_plume_msgs/msg/_package.lisp
Symlinking /home/cgz/catkin_ws/devel/share/common-lisp/ros/uuv_plume_msgs/msg/ParticleConcentration.lisp
Symlinking /home/cgz/catkin_ws/devel/share/common-lisp/ros/uuv_plume_msgs/msg/uuv_plume_msgs-msg.asd
Symlinking /home/cgz/catkin_ws/devel/share/common-lisp/ros/uuv_plume_msgs/msg/Salinity.lisp
Symlinking /home/cgz/catkin_ws/devel/share/common-lisp/ros/uuv_plume_msgs/msg/_package_Salinity.lisp
Symlinking /home/cgz/catkin_ws/devel/share/common-lisp/ros/uuv_plume_msgs/msg/_package_ParticleConcentration.lisp
Symlinking /home/cgz/catkin_ws/devel/share/common-lisp/ros/uuv_plume_msgs/srv/GetCurrentModel.lisp
Symlinking /home/cgz/catkin_ws/devel/share/common-lisp/ros/uuv_plume_msgs/srv/CreatePassiveScalarTurbulentPlume.lisp
Symlinking /home/cgz/catkin_ws/devel/share/common-lisp/ros/uuv_plume_msgs/srv/LoadPlumeParticles.lisp
Symlinking /home/cgz/catkin_ws/devel/share/common-lisp/ros/uuv_plume_msgs/srv/_package_DeletePlume.lisp
Symlinking /home/cgz/catkin_ws/devel/share/common-lisp/ros/uuv_plume_msgs/srv/_package_LoadPlumeParticles.lisp
Symlinking /home/cgz/catkin_ws/devel/share/common-lisp/ros/uuv_plume_msgs/srv/GetPlumeConfiguration.lisp
Symlinking /home/cgz/catkin_ws/devel/share/common-lisp/ros/uuv_plume_msgs/srv/_package_SetCurrentDirection.lisp
Symlinking /home/cgz/catkin_ws/devel/share/common-lisp/ros/uuv_plume_msgs/srv/SetCurrentVelocity.lisp
Symlinking /home/cgz/catkin_ws/devel/share/common-lisp/ros/uuv_plume_msgs/srv/_package.lisp
Symlinking /home/cgz/catkin_ws/devel/share/common-lisp/ros/uuv_plume_msgs/srv/_package_GetPlumeSourcePosition.lisp
Symlinking /home/cgz/catkin_ws/devel/share/common-lisp/ros/uuv_plume_msgs/srv/SetPlumeConfiguration.lisp
Symlinking /home/cgz/catkin_ws/devel/share/common-lisp/ros/uuv_plume_msgs/srv/_package_CreateSpheroidPlume.lisp
Symlinking /home/cgz/catkin_ws/devel/share/common-lisp/ros/uuv_plume_msgs/srv/_package_SetPlumeLimits.lisp
Symlinking /home/cgz/catkin_ws/devel/share/common-lisp/ros/uuv_plume_msgs/srv/DeletePlume.lisp
Symlinking /home/cgz/catkin_ws/devel/share/common-lisp/ros/uuv_plume_msgs/srv/GetPlumeSourcePosition.lisp
Symlinking /home/cgz/catkin_ws/devel/share/common-lisp/ros/uuv_plume_msgs/srv/_package_GetPlumeConfiguration.lisp
Symlinking /home/cgz/catkin_ws/devel/share/common-lisp/ros/uuv_plume_msgs/srv/_package_SetCurrentVelocity.lisp
Symlinking /home/cgz/catkin_ws/devel/share/common-lisp/ros/uuv_plume_msgs/srv/SetPlumeSourcePosition.lisp
Symlinking /home/cgz/catkin_ws/devel/share/common-lisp/ros/uuv_plume_msgs/srv/StorePlumeState.lisp
Symlinking /home/cgz/catkin_ws/devel/share/common-lisp/ros/uuv_plume_msgs/srv/SetCurrentModel.lisp
Symlinking /home/cgz/catkin_ws/devel/share/common-lisp/ros/uuv_plume_msgs/srv/GetNumParticles.lisp
Symlinking /home/cgz/catkin_ws/devel/share/common-lisp/ros/uuv_plume_msgs/srv/SetPlumeLimits.lisp
Symlinking /home/cgz/catkin_ws/devel/share/common-lisp/ros/uuv_plume_msgs/srv/_package_SetPlumeConfiguration.lisp
Symlinking /home/cgz/catkin_ws/devel/share/common-lisp/ros/uuv_plume_msgs/srv/SetCurrentDirection.lisp
Symlinking /home/cgz/catkin_ws/devel/share/common-lisp/ros/uuv_plume_msgs/srv/CreateSpheroidPlume.lisp
Symlinking /home/cgz/catkin_ws/devel/share/common-lisp/ros/uuv_plume_msgs/srv/_package_StorePlumeState.lisp
Symlinking /home/cgz/catkin_ws/devel/share/common-lisp/ros/uuv_plume_msgs/srv/_package_CreatePassiveScalarTurbulentPlume.lisp
Symlinking /home/cgz/catkin_ws/devel/share/common-lisp/ros/uuv_plume_msgs/srv/_package_SetCurrentModel.lisp
Symlinking /home/cgz/catkin_ws/devel/share/common-lisp/ros/uuv_plume_msgs/srv/_package_SetPlumeSourcePosition.lisp
Symlinking /home/cgz/catkin_ws/devel/share/common-lisp/ros/uuv_plume_msgs/srv/_package_GetCurrentModel.lisp
Symlinking /home/cgz/catkin_ws/devel/share/common-lisp/ros/uuv_plume_msgs/srv/_package_GetNumParticles.lisp
Symlinking /home/cgz/catkin_ws/devel/share/common-lisp/ros/uuv_plume_msgs/srv/uuv_plume_msgs-srv.asd
Symlinking /home/cgz/catkin_ws/devel/share/gennodejs/ros/uuv_plume_msgs/_index.js
Symlinking /home/cgz/catkin_ws/devel/share/gennodejs/ros/uuv_plume_msgs/msg/_index.js
Symlinking /home/cgz/catkin_ws/devel/share/gennodejs/ros/uuv_plume_msgs/msg/Salinity.js
Symlinking /home/cgz/catkin_ws/devel/share/gennodejs/ros/uuv_plume_msgs/msg/ParticleConcentration.js
Symlinking /home/cgz/catkin_ws/devel/share/gennodejs/ros/uuv_plume_msgs/srv/GetCurrentModel.js
Symlinking /home/cgz/catkin_ws/devel/share/gennodejs/ros/uuv_plume_msgs/srv/_index.js
Symlinking /home/cgz/catkin_ws/devel/share/gennodejs/ros/uuv_plume_msgs/srv/CreateSpheroidPlume.js
Symlinking /home/cgz/catkin_ws/devel/share/gennodejs/ros/uuv_plume_msgs/srv/DeletePlume.js
Symlinking /home/cgz/catkin_ws/devel/share/gennodejs/ros/uuv_plume_msgs/srv/SetCurrentModel.js
Symlinking /home/cgz/catkin_ws/devel/share/gennodejs/ros/uuv_plume_msgs/srv/SetCurrentVelocity.js
Symlinking /home/cgz/catkin_ws/devel/share/gennodejs/ros/uuv_plume_msgs/srv/SetPlumeConfiguration.js
Symlinking /home/cgz/catkin_ws/devel/share/gennodejs/ros/uuv_plume_msgs/srv/GetNumParticles.js
Symlinking /home/cgz/catkin_ws/devel/share/gennodejs/ros/uuv_plume_msgs/srv/GetPlumeSourcePosition.js
Symlinking /home/cgz/catkin_ws/devel/share/gennodejs/ros/uuv_plume_msgs/srv/SetCurrentDirection.js
Symlinking /home/cgz/catkin_ws/devel/share/gennodejs/ros/uuv_plume_msgs/srv/CreatePassiveScalarTurbulentPlume.js
Symlinking /home/cgz/catkin_ws/devel/share/gennodejs/ros/uuv_plume_msgs/srv/SetPlumeLimits.js
Symlinking /home/cgz/catkin_ws/devel/share/gennodejs/ros/uuv_plume_msgs/srv/SetPlumeSourcePosition.js
Symlinking /home/cgz/catkin_ws/devel/share/gennodejs/ros/uuv_plume_msgs/srv/StorePlumeState.js
Symlinking /home/cgz/catkin_ws/devel/share/gennodejs/ros/uuv_plume_msgs/srv/GetPlumeConfiguration.js
Symlinking /home/cgz/catkin_ws/devel/share/gennodejs/ros/uuv_plume_msgs/srv/LoadPlumeParticles.js
Symlinking /home/cgz/catkin_ws/devel/share/roseus/ros/uuv_plume_msgs/manifest.l
Symlinking /home/cgz/catkin_ws/devel/share/roseus/ros/uuv_plume_msgs/msg/ParticleConcentration.l
Symlinking /home/cgz/catkin_ws/devel/share/roseus/ros/uuv_plume_msgs/msg/Salinity.l
Symlinking /home/cgz/catkin_ws/devel/share/roseus/ros/uuv_plume_msgs/srv/DeletePlume.l
Symlinking /home/cgz/catkin_ws/devel/share/roseus/ros/uuv_plume_msgs/srv/GetCurrentModel.l
Symlinking /home/cgz/catkin_ws/devel/share/roseus/ros/uuv_plume_msgs/srv/GetPlumeSourcePosition.l
Symlinking /home/cgz/catkin_ws/devel/share/roseus/ros/uuv_plume_msgs/srv/SetPlumeConfiguration.l
Symlinking /home/cgz/catkin_ws/devel/share/roseus/ros/uuv_plume_msgs/srv/LoadPlumeParticles.l
Symlinking /home/cgz/catkin_ws/devel/share/roseus/ros/uuv_plume_msgs/srv/GetPlumeConfiguration.l
Symlinking /home/cgz/catkin_ws/devel/share/roseus/ros/uuv_plume_msgs/srv/GetNumParticles.l
Symlinking /home/cgz/catkin_ws/devel/share/roseus/ros/uuv_plume_msgs/srv/SetPlumeSourcePosition.l
Symlinking /home/cgz/catkin_ws/devel/share/roseus/ros/uuv_plume_msgs/srv/CreatePassiveScalarTurbulentPlume.l
Symlinking /home/cgz/catkin_ws/devel/share/roseus/ros/uuv_plume_msgs/srv/SetCurrentVelocity.l
Symlinking /home/cgz/catkin_ws/devel/share/roseus/ros/uuv_plume_msgs/srv/StorePlumeState.l
Symlinking /home/cgz/catkin_ws/devel/share/roseus/ros/uuv_plume_msgs/srv/CreateSpheroidPlume.l
Symlinking /home/cgz/catkin_ws/devel/share/roseus/ros/uuv_plume_msgs/srv/SetCurrentModel.l
Symlinking /home/cgz/catkin_ws/devel/share/roseus/ros/uuv_plume_msgs/srv/SetPlumeLimits.l
Symlinking /home/cgz/catkin_ws/devel/share/roseus/ros/uuv_plume_msgs/srv/SetCurrentDirection.l
Symlinking /home/cgz/catkin_ws/devel/share/uuv_plume_msgs/cmake/uuv_plume_msgs-msg-extras.cmake
Symlinking /home/cgz/catkin_ws/devel/share/uuv_plume_msgs/cmake/uuv_plume_msgsConfig-version.cmake
Symlinking /home/cgz/catkin_ws/devel/share/uuv_plume_msgs/cmake/uuv_plume_msgs-msg-paths.cmake
Symlinking /home/cgz/catkin_ws/devel/share/uuv_plume_msgs/cmake/uuv_plume_msgsConfig.cmake
Symlinking /home/cgz/catkin_ws/devel/lib/python3/dist-packages/uuv_plume_msgs/__init__.py
Symlinking /home/cgz/catkin_ws/devel/lib/python3/dist-packages/uuv_plume_msgs/msg/__init__.py
Symlinking /home/cgz/catkin_ws/devel/lib/python3/dist-packages/uuv_plume_msgs/msg/_Salinity.py
Symlinking /home/cgz/catkin_ws/devel/lib/python3/dist-packages/uuv_plume_msgs/msg/_ParticleConcentration.py
Symlinking /home/cgz/catkin_ws/devel/lib/python3/dist-packages/uuv_plume_msgs/srv/_LoadPlumeParticles.py
Symlinking /home/cgz/catkin_ws/devel/lib/python3/dist-packages/uuv_plume_msgs/srv/_GetPlumeSourcePosition.py
Symlinking /home/cgz/catkin_ws/devel/lib/python3/dist-packages/uuv_plume_msgs/srv/_CreatePassiveScalarTurbulentPlume.py
Symlinking /home/cgz/catkin_ws/devel/lib/python3/dist-packages/uuv_plume_msgs/srv/_SetCurrentDirection.py
Symlinking /home/cgz/catkin_ws/devel/lib/python3/dist-packages/uuv_plume_msgs/srv/_SetPlumeSourcePosition.py
Symlinking /home/cgz/catkin_ws/devel/lib/python3/dist-packages/uuv_plume_msgs/srv/__init__.py
Symlinking /home/cgz/catkin_ws/devel/lib/python3/dist-packages/uuv_plume_msgs/srv/_GetPlumeConfiguration.py
Symlinking /home/cgz/catkin_ws/devel/lib/python3/dist-packages/uuv_plume_msgs/srv/_DeletePlume.py
Symlinking /home/cgz/catkin_ws/devel/lib/python3/dist-packages/uuv_plume_msgs/srv/_SetCurrentVelocity.py
Symlinking /home/cgz/catkin_ws/devel/lib/python3/dist-packages/uuv_plume_msgs/srv/_StorePlumeState.py
Symlinking /home/cgz/catkin_ws/devel/lib/python3/dist-packages/uuv_plume_msgs/srv/_SetCurrentModel.py
Symlinking /home/cgz/catkin_ws/devel/lib/python3/dist-packages/uuv_plume_msgs/srv/_SetPlumeConfiguration.py
Symlinking /home/cgz/catkin_ws/devel/lib/python3/dist-packages/uuv_plume_msgs/srv/_GetNumParticles.py
Symlinking /home/cgz/catkin_ws/devel/lib/python3/dist-packages/uuv_plume_msgs/srv/_SetPlumeLimits.py
Symlinking /home/cgz/catkin_ws/devel/lib/python3/dist-packages/uuv_plume_msgs/srv/_GetCurrentModel.py
Symlinking /home/cgz/catkin_ws/devel/lib/python3/dist-packages/uuv_plume_msgs/srv/_CreateSpheroidPlume.py
Symlinking /home/cgz/catkin_ws/devel/lib/pkgconfig/uuv_plume_msgs.pc
Symlinking /home/cgz/catkin_ws/devel/include/uuv_plume_msgs/ParticleConcentration.h
Symlinking /home/cgz/catkin_ws/devel/include/uuv_plume_msgs/LoadPlumeParticlesResponse.h
Symlinking /home/cgz/catkin_ws/devel/include/uuv_plume_msgs/SetCurrentVelocityRequest.h
Symlinking /home/cgz/catkin_ws/devel/include/uuv_plume_msgs/SetPlumeLimitsResponse.h
Symlinking /home/cgz/catkin_ws/devel/include/uuv_plume_msgs/DeletePlume.h
Symlinking /home/cgz/catkin_ws/devel/include/uuv_plume_msgs/SetPlumeSourcePositionResponse.h
Symlinking /home/cgz/catkin_ws/devel/include/uuv_plume_msgs/GetPlumeSourcePositionResponse.h
Symlinking /home/cgz/catkin_ws/devel/include/uuv_plume_msgs/Salinity.h
Symlinking /home/cgz/catkin_ws/devel/include/uuv_plume_msgs/SetPlumeLimits.h
Symlinking /home/cgz/catkin_ws/devel/include/uuv_plume_msgs/GetPlumeConfigurationResponse.h
Symlinking /home/cgz/catkin_ws/devel/include/uuv_plume_msgs/CreateSpheroidPlumeRequest.h
Symlinking /home/cgz/catkin_ws/devel/include/uuv_plume_msgs/SetCurrentDirectionResponse.h
Symlinking /home/cgz/catkin_ws/devel/include/uuv_plume_msgs/GetNumParticles.h
Symlinking /home/cgz/catkin_ws/devel/include/uuv_plume_msgs/GetCurrentModelRequest.h
Symlinking /home/cgz/catkin_ws/devel/include/uuv_plume_msgs/StorePlumeStateRequest.h
Symlinking /home/cgz/catkin_ws/devel/include/uuv_plume_msgs/StorePlumeStateResponse.h
Symlinking /home/cgz/catkin_ws/devel/include/uuv_plume_msgs/CreateSpheroidPlumeResponse.h
Symlinking /home/cgz/catkin_ws/devel/include/uuv_plume_msgs/GetCurrentModelResponse.h
Symlinking /home/cgz/catkin_ws/devel/include/uuv_plume_msgs/SetPlumeConfigurationResponse.h
Symlinking /home/cgz/catkin_ws/devel/include/uuv_plume_msgs/SetCurrentModelResponse.h
Symlinking /home/cgz/catkin_ws/devel/include/uuv_plume_msgs/SetPlumeConfiguration.h
Symlinking /home/cgz/catkin_ws/devel/include/uuv_plume_msgs/StorePlumeState.h
Symlinking /home/cgz/catkin_ws/devel/include/uuv_plume_msgs/CreatePassiveScalarTurbulentPlumeRequest.h
Symlinking /home/cgz/catkin_ws/devel/include/uuv_plume_msgs/GetNumParticlesResponse.h
Symlinking /home/cgz/catkin_ws/devel/include/uuv_plume_msgs/CreatePassiveScalarTurbulentPlumeResponse.h
Symlinking /home/cgz/catkin_ws/devel/include/uuv_plume_msgs/SetPlumeConfigurationRequest.h
Symlinking /home/cgz/catkin_ws/devel/include/uuv_plume_msgs/GetPlumeConfigurationRequest.h
Symlinking /home/cgz/catkin_ws/devel/include/uuv_plume_msgs/DeletePlumeRequest.h
Symlinking /home/cgz/catkin_ws/devel/include/uuv_plume_msgs/SetCurrentModel.h
Symlinking /home/cgz/catkin_ws/devel/include/uuv_plume_msgs/GetCurrentModel.h
Symlinking /home/cgz/catkin_ws/devel/include/uuv_plume_msgs/LoadPlumeParticlesRequest.h
Symlinking /home/cgz/catkin_ws/devel/include/uuv_plume_msgs/CreatePassiveScalarTurbulentPlume.h
Symlinking /home/cgz/catkin_ws/devel/include/uuv_plume_msgs/SetCurrentVelocity.h
Symlinking /home/cgz/catkin_ws/devel/include/uuv_plume_msgs/SetPlumeSourcePosition.h
Symlinking /home/cgz/catkin_ws/devel/include/uuv_plume_msgs/SetCurrentModelRequest.h
Symlinking /home/cgz/catkin_ws/devel/include/uuv_plume_msgs/LoadPlumeParticles.h
Symlinking /home/cgz/catkin_ws/devel/include/uuv_plume_msgs/GetPlumeSourcePositionRequest.h
Symlinking /home/cgz/catkin_ws/devel/include/uuv_plume_msgs/SetPlumeSourcePositionRequest.h
Symlinking /home/cgz/catkin_ws/devel/include/uuv_plume_msgs/GetPlumeSourcePosition.h
Symlinking /home/cgz/catkin_ws/devel/include/uuv_plume_msgs/SetCurrentVelocityResponse.h
Symlinking /home/cgz/catkin_ws/devel/include/uuv_plume_msgs/CreateSpheroidPlume.h
Symlinking /home/cgz/catkin_ws/devel/include/uuv_plume_msgs/GetPlumeConfiguration.h
Symlinking /home/cgz/catkin_ws/devel/include/uuv_plume_msgs/GetNumParticlesRequest.h
Symlinking /home/cgz/catkin_ws/devel/include/uuv_plume_msgs/DeletePlumeResponse.h
Symlinking /home/cgz/catkin_ws/devel/include/uuv_plume_msgs/SetPlumeLimitsRequest.h
Symlinking /home/cgz/catkin_ws/devel/include/uuv_plume_msgs/SetCurrentDirectionRequest.h
Symlinking /home/cgz/catkin_ws/devel/include/uuv_plume_msgs/SetCurrentDirection.h
