[  0%] Built target geographic_msgs_generate_messages_py
[  0%] Built target geometry_msgs_generate_messages_py
[  0%] Built target std_msgs_generate_messages_py
[  0%] Built target _uuv_plume_msgs_generate_messages_check_deps_SetPlumeConfiguration
[  0%] Built target _uuv_plume_msgs_generate_messages_check_deps_ParticleConcentration
[  0%] Built target _uuv_plume_msgs_generate_messages_check_deps_Salinity
[  0%] Built target _uuv_plume_msgs_generate_messages_check_deps_LoadPlumeParticles
[  0%] Built target _uuv_plume_msgs_generate_messages_check_deps_GetNumParticles
[  0%] Built target _uuv_plume_msgs_generate_messages_check_deps_CreatePassiveScalarTurbulentPlume
[  0%] Built target _uuv_plume_msgs_generate_messages_check_deps_GetPlumeConfiguration
[  0%] Built target _uuv_plume_msgs_generate_messages_check_deps_SetPlumeLimits
[  0%] Built target _uuv_plume_msgs_generate_messages_check_deps_StorePlumeState
[  0%] Built target _uuv_plume_msgs_generate_messages_check_deps_SetCurrentDirection
[  0%] Built target _uuv_plume_msgs_generate_messages_check_deps_GetCurrentModel
[  0%] Built target geometry_msgs_generate_messages_nodejs
[  0%] Built target _uuv_plume_msgs_generate_messages_check_deps_CreateSpheroidPlume
[  0%] Built target std_msgs_generate_messages_nodejs
[  0%] Built target geographic_msgs_generate_messages_nodejs
[  0%] Built target std_msgs_generate_messages_eus
[  0%] Built target geometry_msgs_generate_messages_eus
[  0%] Built target std_msgs_generate_messages_lisp
[  0%] Built target _uuv_plume_msgs_generate_messages_check_deps_DeletePlume
[  0%] Built target geographic_msgs_generate_messages_eus
[  0%] Built target _uuv_plume_msgs_generate_messages_check_deps_SetCurrentModel
[  0%] Built target geographic_msgs_generate_messages_cpp
[  0%] Built target geographic_msgs_generate_messages_lisp
[  0%] Built target std_msgs_generate_messages_cpp
[  0%] Built target geometry_msgs_generate_messages_lisp
[  0%] Built target _uuv_plume_msgs_generate_messages_check_deps_SetPlumeSourcePosition
[  0%] Built target _uuv_plume_msgs_generate_messages_check_deps_SetCurrentVelocity
[  0%] Built target geometry_msgs_generate_messages_cpp
[  0%] Built target _uuv_plume_msgs_generate_messages_check_deps_GetPlumeSourcePosition
[ 40%] Built target uuv_plume_msgs_generate_messages_eus
[ 42%] Built target uuv_plume_msgs_generate_messages_py
[ 61%] Built target uuv_plume_msgs_generate_messages_nodejs
[ 80%] Built target uuv_plume_msgs_generate_messages_lisp
[100%] Built target uuv_plume_msgs_generate_messages_cpp
[100%] Built target uuv_plume_msgs_generate_messages
