/home/cgz/catkin_ws/scripts/analyze_eskf_logs.py:165: UserWarning: Glyph 31859 (\N{CJK UNIFIED IDEOGRAPH-7C73}) missing from current font.
  plt.tight_layout()
/home/cgz/catkin_ws/scripts/analyze_eskf_logs.py:165: UserWarning: Glyph 36712 (\N{CJK UNIFIED IDEOGRAPH-8F68}) missing from current font.
  plt.tight_layout()
/home/cgz/catkin_ws/scripts/analyze_eskf_logs.py:165: UserWarning: Glyph 36857 (\N{CJK UNIFIED IDEOGRAPH-8FF9}) missing from current font.
  plt.tight_layout()
/home/cgz/catkin_ws/scripts/analyze_eskf_logs.py:165: UserWarning: Glyph 30495 (\N{CJK UNIFIED IDEOGRAPH-771F}) missing from current font.
  plt.tight_layout()
/home/cgz/catkin_ws/scripts/analyze_eskf_logs.py:165: UserWarning: Glyph 20540 (\N{CJK UNIFIED IDEOGRAPH-503C}) missing from current font.
  plt.tight_layout()
/home/cgz/catkin_ws/scripts/analyze_eskf_logs.py:165: UserWarning: Glyph 20272 (\N{CJK UNIFIED IDEOGRAPH-4F30}) missing from current font.
  plt.tight_layout()
/home/cgz/catkin_ws/scripts/analyze_eskf_logs.py:165: UserWarning: Glyph 35745 (\N{CJK UNIFIED IDEOGRAPH-8BA1}) missing from current font.
  plt.tight_layout()
/home/cgz/catkin_ws/scripts/analyze_eskf_logs.py:166: UserWarning: Glyph 31859 (\N{CJK UNIFIED IDEOGRAPH-7C73}) missing from current font.
  plt.savefig(out_path, dpi=160)
/home/cgz/catkin_ws/scripts/analyze_eskf_logs.py:166: UserWarning: Glyph 36712 (\N{CJK UNIFIED IDEOGRAPH-8F68}) missing from current font.
  plt.savefig(out_path, dpi=160)
/home/cgz/catkin_ws/scripts/analyze_eskf_logs.py:166: UserWarning: Glyph 36857 (\N{CJK UNIFIED IDEOGRAPH-8FF9}) missing from current font.
  plt.savefig(out_path, dpi=160)
/home/cgz/catkin_ws/scripts/analyze_eskf_logs.py:166: UserWarning: Glyph 30495 (\N{CJK UNIFIED IDEOGRAPH-771F}) missing from current font.
  plt.savefig(out_path, dpi=160)
/home/cgz/catkin_ws/scripts/analyze_eskf_logs.py:166: UserWarning: Glyph 20540 (\N{CJK UNIFIED IDEOGRAPH-503C}) missing from current font.
  plt.savefig(out_path, dpi=160)
/home/cgz/catkin_ws/scripts/analyze_eskf_logs.py:166: UserWarning: Glyph 20272 (\N{CJK UNIFIED IDEOGRAPH-4F30}) missing from current font.
  plt.savefig(out_path, dpi=160)
/home/cgz/catkin_ws/scripts/analyze_eskf_logs.py:166: UserWarning: Glyph 35745 (\N{CJK UNIFIED IDEOGRAPH-8BA1}) missing from current font.
  plt.savefig(out_path, dpi=160)
/home/cgz/catkin_ws/scripts/analyze_eskf_logs.py:165: UserWarning: Glyph 26102 (\N{CJK UNIFIED IDEOGRAPH-65F6}) missing from current font.
  plt.tight_layout()
/home/cgz/catkin_ws/scripts/analyze_eskf_logs.py:165: UserWarning: Glyph 38388 (\N{CJK UNIFIED IDEOGRAPH-95F4}) missing from current font.
  plt.tight_layout()
/home/cgz/catkin_ws/scripts/analyze_eskf_logs.py:165: UserWarning: Glyph 31186 (\N{CJK UNIFIED IDEOGRAPH-79D2}) missing from current font.
  plt.tight_layout()
/home/cgz/catkin_ws/scripts/analyze_eskf_logs.py:165: UserWarning: Glyph 20301 (\N{CJK UNIFIED IDEOGRAPH-4F4D}) missing from current font.
  plt.tight_layout()
/home/cgz/catkin_ws/scripts/analyze_eskf_logs.py:165: UserWarning: Glyph 32622 (\N{CJK UNIFIED IDEOGRAPH-7F6E}) missing from current font.
  plt.tight_layout()
/home/cgz/catkin_ws/scripts/analyze_eskf_logs.py:165: UserWarning: Glyph 35823 (\N{CJK UNIFIED IDEOGRAPH-8BEF}) missing from current font.
  plt.tight_layout()
/home/cgz/catkin_ws/scripts/analyze_eskf_logs.py:165: UserWarning: Glyph 24046 (\N{CJK UNIFIED IDEOGRAPH-5DEE}) missing from current font.
  plt.tight_layout()
/home/cgz/catkin_ws/scripts/analyze_eskf_logs.py:165: UserWarning: Glyph 38543 (\N{CJK UNIFIED IDEOGRAPH-968F}) missing from current font.
  plt.tight_layout()
/home/cgz/catkin_ws/scripts/analyze_eskf_logs.py:166: UserWarning: Glyph 26102 (\N{CJK UNIFIED IDEOGRAPH-65F6}) missing from current font.
  plt.savefig(out_path, dpi=160)
/home/cgz/catkin_ws/scripts/analyze_eskf_logs.py:166: UserWarning: Glyph 38388 (\N{CJK UNIFIED IDEOGRAPH-95F4}) missing from current font.
  plt.savefig(out_path, dpi=160)
/home/cgz/catkin_ws/scripts/analyze_eskf_logs.py:166: UserWarning: Glyph 31186 (\N{CJK UNIFIED IDEOGRAPH-79D2}) missing from current font.
  plt.savefig(out_path, dpi=160)
/home/cgz/catkin_ws/scripts/analyze_eskf_logs.py:166: UserWarning: Glyph 20301 (\N{CJK UNIFIED IDEOGRAPH-4F4D}) missing from current font.
  plt.savefig(out_path, dpi=160)
/home/cgz/catkin_ws/scripts/analyze_eskf_logs.py:166: UserWarning: Glyph 32622 (\N{CJK UNIFIED IDEOGRAPH-7F6E}) missing from current font.
  plt.savefig(out_path, dpi=160)
/home/cgz/catkin_ws/scripts/analyze_eskf_logs.py:166: UserWarning: Glyph 35823 (\N{CJK UNIFIED IDEOGRAPH-8BEF}) missing from current font.
  plt.savefig(out_path, dpi=160)
/home/cgz/catkin_ws/scripts/analyze_eskf_logs.py:166: UserWarning: Glyph 24046 (\N{CJK UNIFIED IDEOGRAPH-5DEE}) missing from current font.
  plt.savefig(out_path, dpi=160)
/home/cgz/catkin_ws/scripts/analyze_eskf_logs.py:166: UserWarning: Glyph 38543 (\N{CJK UNIFIED IDEOGRAPH-968F}) missing from current font.
  plt.savefig(out_path, dpi=160)
/home/cgz/catkin_ws/scripts/analyze_eskf_logs.py:165: UserWarning: Glyph 36895 (\N{CJK UNIFIED IDEOGRAPH-901F}) missing from current font.
  plt.tight_layout()
/home/cgz/catkin_ws/scripts/analyze_eskf_logs.py:165: UserWarning: Glyph 24230 (\N{CJK UNIFIED IDEOGRAPH-5EA6}) missing from current font.
  plt.tight_layout()
/home/cgz/catkin_ws/scripts/analyze_eskf_logs.py:166: UserWarning: Glyph 36895 (\N{CJK UNIFIED IDEOGRAPH-901F}) missing from current font.
  plt.savefig(out_path, dpi=160)
/home/cgz/catkin_ws/scripts/analyze_eskf_logs.py:166: UserWarning: Glyph 24230 (\N{CJK UNIFIED IDEOGRAPH-5EA6}) missing from current font.
  plt.savefig(out_path, dpi=160)
/home/cgz/catkin_ws/scripts/analyze_eskf_logs.py:165: UserWarning: Glyph 23039 (\N{CJK UNIFIED IDEOGRAPH-59FF}) missing from current font.
  plt.tight_layout()
/home/cgz/catkin_ws/scripts/analyze_eskf_logs.py:165: UserWarning: Glyph 24577 (\N{CJK UNIFIED IDEOGRAPH-6001}) missing from current font.
  plt.tight_layout()
/home/cgz/catkin_ws/scripts/analyze_eskf_logs.py:166: UserWarning: Glyph 23039 (\N{CJK UNIFIED IDEOGRAPH-59FF}) missing from current font.
  plt.savefig(out_path, dpi=160)
/home/cgz/catkin_ws/scripts/analyze_eskf_logs.py:166: UserWarning: Glyph 24577 (\N{CJK UNIFIED IDEOGRAPH-6001}) missing from current font.
  plt.savefig(out_path, dpi=160)
/home/cgz/catkin_ws/scripts/analyze_eskf_logs.py:165: UserWarning: Glyph 27178 (\N{CJK UNIFIED IDEOGRAPH-6A2A}) missing from current font.
  plt.tight_layout()
/home/cgz/catkin_ws/scripts/analyze_eskf_logs.py:165: UserWarning: Glyph 28378 (\N{CJK UNIFIED IDEOGRAPH-6EDA}) missing from current font.
  plt.tight_layout()
/home/cgz/catkin_ws/scripts/analyze_eskf_logs.py:165: UserWarning: Glyph 35282 (\N{CJK UNIFIED IDEOGRAPH-89D2}) missing from current font.
  plt.tight_layout()
/home/cgz/catkin_ws/scripts/analyze_eskf_logs.py:166: UserWarning: Glyph 27178 (\N{CJK UNIFIED IDEOGRAPH-6A2A}) missing from current font.
  plt.savefig(out_path, dpi=160)
/home/cgz/catkin_ws/scripts/analyze_eskf_logs.py:166: UserWarning: Glyph 28378 (\N{CJK UNIFIED IDEOGRAPH-6EDA}) missing from current font.
  plt.savefig(out_path, dpi=160)
/home/cgz/catkin_ws/scripts/analyze_eskf_logs.py:166: UserWarning: Glyph 35282 (\N{CJK UNIFIED IDEOGRAPH-89D2}) missing from current font.
  plt.savefig(out_path, dpi=160)
/home/cgz/catkin_ws/scripts/analyze_eskf_logs.py:165: UserWarning: Glyph 20463 (\N{CJK UNIFIED IDEOGRAPH-4FEF}) missing from current font.
  plt.tight_layout()
/home/cgz/catkin_ws/scripts/analyze_eskf_logs.py:165: UserWarning: Glyph 20208 (\N{CJK UNIFIED IDEOGRAPH-4EF0}) missing from current font.
  plt.tight_layout()
/home/cgz/catkin_ws/scripts/analyze_eskf_logs.py:166: UserWarning: Glyph 20463 (\N{CJK UNIFIED IDEOGRAPH-4FEF}) missing from current font.
  plt.savefig(out_path, dpi=160)
/home/cgz/catkin_ws/scripts/analyze_eskf_logs.py:166: UserWarning: Glyph 20208 (\N{CJK UNIFIED IDEOGRAPH-4EF0}) missing from current font.
  plt.savefig(out_path, dpi=160)
/home/cgz/catkin_ws/scripts/analyze_eskf_logs.py:165: UserWarning: Glyph 33322 (\N{CJK UNIFIED IDEOGRAPH-822A}) missing from current font.
  plt.tight_layout()
/home/cgz/catkin_ws/scripts/analyze_eskf_logs.py:165: UserWarning: Glyph 21521 (\N{CJK UNIFIED IDEOGRAPH-5411}) missing from current font.
  plt.tight_layout()
/home/cgz/catkin_ws/scripts/analyze_eskf_logs.py:166: UserWarning: Glyph 33322 (\N{CJK UNIFIED IDEOGRAPH-822A}) missing from current font.
  plt.savefig(out_path, dpi=160)
/home/cgz/catkin_ws/scripts/analyze_eskf_logs.py:166: UserWarning: Glyph 21521 (\N{CJK UNIFIED IDEOGRAPH-5411}) missing from current font.
  plt.savefig(out_path, dpi=160)
[INFO] eca_a9_1: samples=46265 duration=46264.0 s posRMSE=37.61705688685778
/home/cgz/catkin_ws/scripts/analyze_eskf_logs.py:165: UserWarning: Glyph 31859 (\N{CJK UNIFIED IDEOGRAPH-7C73}) missing from current font.
  plt.tight_layout()
/home/cgz/catkin_ws/scripts/analyze_eskf_logs.py:165: UserWarning: Glyph 36712 (\N{CJK UNIFIED IDEOGRAPH-8F68}) missing from current font.
  plt.tight_layout()
/home/cgz/catkin_ws/scripts/analyze_eskf_logs.py:165: UserWarning: Glyph 36857 (\N{CJK UNIFIED IDEOGRAPH-8FF9}) missing from current font.
  plt.tight_layout()
/home/cgz/catkin_ws/scripts/analyze_eskf_logs.py:165: UserWarning: Glyph 30495 (\N{CJK UNIFIED IDEOGRAPH-771F}) missing from current font.
  plt.tight_layout()
/home/cgz/catkin_ws/scripts/analyze_eskf_logs.py:165: UserWarning: Glyph 20540 (\N{CJK UNIFIED IDEOGRAPH-503C}) missing from current font.
  plt.tight_layout()
/home/cgz/catkin_ws/scripts/analyze_eskf_logs.py:165: UserWarning: Glyph 20272 (\N{CJK UNIFIED IDEOGRAPH-4F30}) missing from current font.
  plt.tight_layout()
/home/cgz/catkin_ws/scripts/analyze_eskf_logs.py:165: UserWarning: Glyph 35745 (\N{CJK UNIFIED IDEOGRAPH-8BA1}) missing from current font.
  plt.tight_layout()
/home/cgz/catkin_ws/scripts/analyze_eskf_logs.py:166: UserWarning: Glyph 31859 (\N{CJK UNIFIED IDEOGRAPH-7C73}) missing from current font.
  plt.savefig(out_path, dpi=160)
/home/cgz/catkin_ws/scripts/analyze_eskf_logs.py:166: UserWarning: Glyph 36712 (\N{CJK UNIFIED IDEOGRAPH-8F68}) missing from current font.
  plt.savefig(out_path, dpi=160)
/home/cgz/catkin_ws/scripts/analyze_eskf_logs.py:166: UserWarning: Glyph 36857 (\N{CJK UNIFIED IDEOGRAPH-8FF9}) missing from current font.
  plt.savefig(out_path, dpi=160)
/home/cgz/catkin_ws/scripts/analyze_eskf_logs.py:166: UserWarning: Glyph 30495 (\N{CJK UNIFIED IDEOGRAPH-771F}) missing from current font.
  plt.savefig(out_path, dpi=160)
/home/cgz/catkin_ws/scripts/analyze_eskf_logs.py:166: UserWarning: Glyph 20540 (\N{CJK UNIFIED IDEOGRAPH-503C}) missing from current font.
  plt.savefig(out_path, dpi=160)
/home/cgz/catkin_ws/scripts/analyze_eskf_logs.py:166: UserWarning: Glyph 20272 (\N{CJK UNIFIED IDEOGRAPH-4F30}) missing from current font.
  plt.savefig(out_path, dpi=160)
/home/cgz/catkin_ws/scripts/analyze_eskf_logs.py:166: UserWarning: Glyph 35745 (\N{CJK UNIFIED IDEOGRAPH-8BA1}) missing from current font.
  plt.savefig(out_path, dpi=160)
/home/cgz/catkin_ws/scripts/analyze_eskf_logs.py:165: UserWarning: Glyph 26102 (\N{CJK UNIFIED IDEOGRAPH-65F6}) missing from current font.
  plt.tight_layout()
/home/cgz/catkin_ws/scripts/analyze_eskf_logs.py:165: UserWarning: Glyph 38388 (\N{CJK UNIFIED IDEOGRAPH-95F4}) missing from current font.
  plt.tight_layout()
/home/cgz/catkin_ws/scripts/analyze_eskf_logs.py:165: UserWarning: Glyph 31186 (\N{CJK UNIFIED IDEOGRAPH-79D2}) missing from current font.
  plt.tight_layout()
/home/cgz/catkin_ws/scripts/analyze_eskf_logs.py:165: UserWarning: Glyph 20301 (\N{CJK UNIFIED IDEOGRAPH-4F4D}) missing from current font.
  plt.tight_layout()
/home/cgz/catkin_ws/scripts/analyze_eskf_logs.py:165: UserWarning: Glyph 32622 (\N{CJK UNIFIED IDEOGRAPH-7F6E}) missing from current font.
  plt.tight_layout()
/home/cgz/catkin_ws/scripts/analyze_eskf_logs.py:165: UserWarning: Glyph 35823 (\N{CJK UNIFIED IDEOGRAPH-8BEF}) missing from current font.
  plt.tight_layout()
/home/cgz/catkin_ws/scripts/analyze_eskf_logs.py:165: UserWarning: Glyph 24046 (\N{CJK UNIFIED IDEOGRAPH-5DEE}) missing from current font.
  plt.tight_layout()
/home/cgz/catkin_ws/scripts/analyze_eskf_logs.py:165: UserWarning: Glyph 38543 (\N{CJK UNIFIED IDEOGRAPH-968F}) missing from current font.
  plt.tight_layout()
/home/cgz/catkin_ws/scripts/analyze_eskf_logs.py:166: UserWarning: Glyph 26102 (\N{CJK UNIFIED IDEOGRAPH-65F6}) missing from current font.
  plt.savefig(out_path, dpi=160)
/home/cgz/catkin_ws/scripts/analyze_eskf_logs.py:166: UserWarning: Glyph 38388 (\N{CJK UNIFIED IDEOGRAPH-95F4}) missing from current font.
  plt.savefig(out_path, dpi=160)
/home/cgz/catkin_ws/scripts/analyze_eskf_logs.py:166: UserWarning: Glyph 31186 (\N{CJK UNIFIED IDEOGRAPH-79D2}) missing from current font.
  plt.savefig(out_path, dpi=160)
/home/cgz/catkin_ws/scripts/analyze_eskf_logs.py:166: UserWarning: Glyph 20301 (\N{CJK UNIFIED IDEOGRAPH-4F4D}) missing from current font.
  plt.savefig(out_path, dpi=160)
/home/cgz/catkin_ws/scripts/analyze_eskf_logs.py:166: UserWarning: Glyph 32622 (\N{CJK UNIFIED IDEOGRAPH-7F6E}) missing from current font.
  plt.savefig(out_path, dpi=160)
/home/cgz/catkin_ws/scripts/analyze_eskf_logs.py:166: UserWarning: Glyph 35823 (\N{CJK UNIFIED IDEOGRAPH-8BEF}) missing from current font.
  plt.savefig(out_path, dpi=160)
/home/cgz/catkin_ws/scripts/analyze_eskf_logs.py:166: UserWarning: Glyph 24046 (\N{CJK UNIFIED IDEOGRAPH-5DEE}) missing from current font.
  plt.savefig(out_path, dpi=160)
/home/cgz/catkin_ws/scripts/analyze_eskf_logs.py:166: UserWarning: Glyph 38543 (\N{CJK UNIFIED IDEOGRAPH-968F}) missing from current font.
  plt.savefig(out_path, dpi=160)
/home/cgz/catkin_ws/scripts/analyze_eskf_logs.py:165: UserWarning: Glyph 36895 (\N{CJK UNIFIED IDEOGRAPH-901F}) missing from current font.
  plt.tight_layout()
/home/cgz/catkin_ws/scripts/analyze_eskf_logs.py:165: UserWarning: Glyph 24230 (\N{CJK UNIFIED IDEOGRAPH-5EA6}) missing from current font.
  plt.tight_layout()
/home/cgz/catkin_ws/scripts/analyze_eskf_logs.py:166: UserWarning: Glyph 36895 (\N{CJK UNIFIED IDEOGRAPH-901F}) missing from current font.
  plt.savefig(out_path, dpi=160)
/home/cgz/catkin_ws/scripts/analyze_eskf_logs.py:166: UserWarning: Glyph 24230 (\N{CJK UNIFIED IDEOGRAPH-5EA6}) missing from current font.
  plt.savefig(out_path, dpi=160)
/home/cgz/catkin_ws/scripts/analyze_eskf_logs.py:165: UserWarning: Glyph 23039 (\N{CJK UNIFIED IDEOGRAPH-59FF}) missing from current font.
  plt.tight_layout()
/home/cgz/catkin_ws/scripts/analyze_eskf_logs.py:165: UserWarning: Glyph 24577 (\N{CJK UNIFIED IDEOGRAPH-6001}) missing from current font.
  plt.tight_layout()
/home/cgz/catkin_ws/scripts/analyze_eskf_logs.py:166: UserWarning: Glyph 23039 (\N{CJK UNIFIED IDEOGRAPH-59FF}) missing from current font.
  plt.savefig(out_path, dpi=160)
/home/cgz/catkin_ws/scripts/analyze_eskf_logs.py:166: UserWarning: Glyph 24577 (\N{CJK UNIFIED IDEOGRAPH-6001}) missing from current font.
  plt.savefig(out_path, dpi=160)
/home/cgz/catkin_ws/scripts/analyze_eskf_logs.py:165: UserWarning: Glyph 27178 (\N{CJK UNIFIED IDEOGRAPH-6A2A}) missing from current font.
  plt.tight_layout()
/home/cgz/catkin_ws/scripts/analyze_eskf_logs.py:165: UserWarning: Glyph 28378 (\N{CJK UNIFIED IDEOGRAPH-6EDA}) missing from current font.
  plt.tight_layout()
/home/cgz/catkin_ws/scripts/analyze_eskf_logs.py:165: UserWarning: Glyph 35282 (\N{CJK UNIFIED IDEOGRAPH-89D2}) missing from current font.
  plt.tight_layout()
/home/cgz/catkin_ws/scripts/analyze_eskf_logs.py:166: UserWarning: Glyph 27178 (\N{CJK UNIFIED IDEOGRAPH-6A2A}) missing from current font.
  plt.savefig(out_path, dpi=160)
/home/cgz/catkin_ws/scripts/analyze_eskf_logs.py:166: UserWarning: Glyph 28378 (\N{CJK UNIFIED IDEOGRAPH-6EDA}) missing from current font.
  plt.savefig(out_path, dpi=160)
/home/cgz/catkin_ws/scripts/analyze_eskf_logs.py:166: UserWarning: Glyph 35282 (\N{CJK UNIFIED IDEOGRAPH-89D2}) missing from current font.
  plt.savefig(out_path, dpi=160)
/home/cgz/catkin_ws/scripts/analyze_eskf_logs.py:165: UserWarning: Glyph 20463 (\N{CJK UNIFIED IDEOGRAPH-4FEF}) missing from current font.
  plt.tight_layout()
/home/cgz/catkin_ws/scripts/analyze_eskf_logs.py:165: UserWarning: Glyph 20208 (\N{CJK UNIFIED IDEOGRAPH-4EF0}) missing from current font.
  plt.tight_layout()
/home/cgz/catkin_ws/scripts/analyze_eskf_logs.py:166: UserWarning: Glyph 20463 (\N{CJK UNIFIED IDEOGRAPH-4FEF}) missing from current font.
  plt.savefig(out_path, dpi=160)
/home/cgz/catkin_ws/scripts/analyze_eskf_logs.py:166: UserWarning: Glyph 20208 (\N{CJK UNIFIED IDEOGRAPH-4EF0}) missing from current font.
  plt.savefig(out_path, dpi=160)
/home/cgz/catkin_ws/scripts/analyze_eskf_logs.py:165: UserWarning: Glyph 33322 (\N{CJK UNIFIED IDEOGRAPH-822A}) missing from current font.
  plt.tight_layout()
/home/cgz/catkin_ws/scripts/analyze_eskf_logs.py:165: UserWarning: Glyph 21521 (\N{CJK UNIFIED IDEOGRAPH-5411}) missing from current font.
  plt.tight_layout()
/home/cgz/catkin_ws/scripts/analyze_eskf_logs.py:166: UserWarning: Glyph 33322 (\N{CJK UNIFIED IDEOGRAPH-822A}) missing from current font.
  plt.savefig(out_path, dpi=160)
/home/cgz/catkin_ws/scripts/analyze_eskf_logs.py:166: UserWarning: Glyph 21521 (\N{CJK UNIFIED IDEOGRAPH-5411}) missing from current font.
  plt.savefig(out_path, dpi=160)
[INFO] eca_a9_2: samples=46230 duration=46229.0 s posRMSE=3.147055465877659
/home/cgz/catkin_ws/scripts/analyze_eskf_logs.py:165: UserWarning: Glyph 31859 (\N{CJK UNIFIED IDEOGRAPH-7C73}) missing from current font.
  plt.tight_layout()
/home/cgz/catkin_ws/scripts/analyze_eskf_logs.py:165: UserWarning: Glyph 36712 (\N{CJK UNIFIED IDEOGRAPH-8F68}) missing from current font.
  plt.tight_layout()
/home/cgz/catkin_ws/scripts/analyze_eskf_logs.py:165: UserWarning: Glyph 36857 (\N{CJK UNIFIED IDEOGRAPH-8FF9}) missing from current font.
  plt.tight_layout()
/home/cgz/catkin_ws/scripts/analyze_eskf_logs.py:165: UserWarning: Glyph 30495 (\N{CJK UNIFIED IDEOGRAPH-771F}) missing from current font.
  plt.tight_layout()
/home/cgz/catkin_ws/scripts/analyze_eskf_logs.py:165: UserWarning: Glyph 20540 (\N{CJK UNIFIED IDEOGRAPH-503C}) missing from current font.
  plt.tight_layout()
/home/cgz/catkin_ws/scripts/analyze_eskf_logs.py:165: UserWarning: Glyph 20272 (\N{CJK UNIFIED IDEOGRAPH-4F30}) missing from current font.
  plt.tight_layout()
/home/cgz/catkin_ws/scripts/analyze_eskf_logs.py:165: UserWarning: Glyph 35745 (\N{CJK UNIFIED IDEOGRAPH-8BA1}) missing from current font.
  plt.tight_layout()
/home/cgz/catkin_ws/scripts/analyze_eskf_logs.py:166: UserWarning: Glyph 31859 (\N{CJK UNIFIED IDEOGRAPH-7C73}) missing from current font.
  plt.savefig(out_path, dpi=160)
/home/cgz/catkin_ws/scripts/analyze_eskf_logs.py:166: UserWarning: Glyph 36712 (\N{CJK UNIFIED IDEOGRAPH-8F68}) missing from current font.
  plt.savefig(out_path, dpi=160)
/home/cgz/catkin_ws/scripts/analyze_eskf_logs.py:166: UserWarning: Glyph 36857 (\N{CJK UNIFIED IDEOGRAPH-8FF9}) missing from current font.
  plt.savefig(out_path, dpi=160)
/home/cgz/catkin_ws/scripts/analyze_eskf_logs.py:166: UserWarning: Glyph 30495 (\N{CJK UNIFIED IDEOGRAPH-771F}) missing from current font.
  plt.savefig(out_path, dpi=160)
/home/cgz/catkin_ws/scripts/analyze_eskf_logs.py:166: UserWarning: Glyph 20540 (\N{CJK UNIFIED IDEOGRAPH-503C}) missing from current font.
  plt.savefig(out_path, dpi=160)
/home/cgz/catkin_ws/scripts/analyze_eskf_logs.py:166: UserWarning: Glyph 20272 (\N{CJK UNIFIED IDEOGRAPH-4F30}) missing from current font.
  plt.savefig(out_path, dpi=160)
/home/cgz/catkin_ws/scripts/analyze_eskf_logs.py:166: UserWarning: Glyph 35745 (\N{CJK UNIFIED IDEOGRAPH-8BA1}) missing from current font.
  plt.savefig(out_path, dpi=160)
/home/cgz/catkin_ws/scripts/analyze_eskf_logs.py:165: UserWarning: Glyph 26102 (\N{CJK UNIFIED IDEOGRAPH-65F6}) missing from current font.
  plt.tight_layout()
/home/cgz/catkin_ws/scripts/analyze_eskf_logs.py:165: UserWarning: Glyph 38388 (\N{CJK UNIFIED IDEOGRAPH-95F4}) missing from current font.
  plt.tight_layout()
/home/cgz/catkin_ws/scripts/analyze_eskf_logs.py:165: UserWarning: Glyph 31186 (\N{CJK UNIFIED IDEOGRAPH-79D2}) missing from current font.
  plt.tight_layout()
/home/cgz/catkin_ws/scripts/analyze_eskf_logs.py:165: UserWarning: Glyph 20301 (\N{CJK UNIFIED IDEOGRAPH-4F4D}) missing from current font.
  plt.tight_layout()
/home/cgz/catkin_ws/scripts/analyze_eskf_logs.py:165: UserWarning: Glyph 32622 (\N{CJK UNIFIED IDEOGRAPH-7F6E}) missing from current font.
  plt.tight_layout()
/home/cgz/catkin_ws/scripts/analyze_eskf_logs.py:165: UserWarning: Glyph 35823 (\N{CJK UNIFIED IDEOGRAPH-8BEF}) missing from current font.
  plt.tight_layout()
/home/cgz/catkin_ws/scripts/analyze_eskf_logs.py:165: UserWarning: Glyph 24046 (\N{CJK UNIFIED IDEOGRAPH-5DEE}) missing from current font.
  plt.tight_layout()
/home/cgz/catkin_ws/scripts/analyze_eskf_logs.py:165: UserWarning: Glyph 38543 (\N{CJK UNIFIED IDEOGRAPH-968F}) missing from current font.
  plt.tight_layout()
/home/cgz/catkin_ws/scripts/analyze_eskf_logs.py:166: UserWarning: Glyph 26102 (\N{CJK UNIFIED IDEOGRAPH-65F6}) missing from current font.
  plt.savefig(out_path, dpi=160)
/home/cgz/catkin_ws/scripts/analyze_eskf_logs.py:166: UserWarning: Glyph 38388 (\N{CJK UNIFIED IDEOGRAPH-95F4}) missing from current font.
  plt.savefig(out_path, dpi=160)
/home/cgz/catkin_ws/scripts/analyze_eskf_logs.py:166: UserWarning: Glyph 31186 (\N{CJK UNIFIED IDEOGRAPH-79D2}) missing from current font.
  plt.savefig(out_path, dpi=160)
/home/cgz/catkin_ws/scripts/analyze_eskf_logs.py:166: UserWarning: Glyph 20301 (\N{CJK UNIFIED IDEOGRAPH-4F4D}) missing from current font.
  plt.savefig(out_path, dpi=160)
/home/cgz/catkin_ws/scripts/analyze_eskf_logs.py:166: UserWarning: Glyph 32622 (\N{CJK UNIFIED IDEOGRAPH-7F6E}) missing from current font.
  plt.savefig(out_path, dpi=160)
/home/cgz/catkin_ws/scripts/analyze_eskf_logs.py:166: UserWarning: Glyph 35823 (\N{CJK UNIFIED IDEOGRAPH-8BEF}) missing from current font.
  plt.savefig(out_path, dpi=160)
/home/cgz/catkin_ws/scripts/analyze_eskf_logs.py:166: UserWarning: Glyph 24046 (\N{CJK UNIFIED IDEOGRAPH-5DEE}) missing from current font.
  plt.savefig(out_path, dpi=160)
/home/cgz/catkin_ws/scripts/analyze_eskf_logs.py:166: UserWarning: Glyph 38543 (\N{CJK UNIFIED IDEOGRAPH-968F}) missing from current font.
  plt.savefig(out_path, dpi=160)
/home/cgz/catkin_ws/scripts/analyze_eskf_logs.py:165: UserWarning: Glyph 36895 (\N{CJK UNIFIED IDEOGRAPH-901F}) missing from current font.
  plt.tight_layout()
/home/cgz/catkin_ws/scripts/analyze_eskf_logs.py:165: UserWarning: Glyph 24230 (\N{CJK UNIFIED IDEOGRAPH-5EA6}) missing from current font.
  plt.tight_layout()
/home/cgz/catkin_ws/scripts/analyze_eskf_logs.py:166: UserWarning: Glyph 36895 (\N{CJK UNIFIED IDEOGRAPH-901F}) missing from current font.
  plt.savefig(out_path, dpi=160)
/home/cgz/catkin_ws/scripts/analyze_eskf_logs.py:166: UserWarning: Glyph 24230 (\N{CJK UNIFIED IDEOGRAPH-5EA6}) missing from current font.
  plt.savefig(out_path, dpi=160)
/home/cgz/catkin_ws/scripts/analyze_eskf_logs.py:165: UserWarning: Glyph 23039 (\N{CJK UNIFIED IDEOGRAPH-59FF}) missing from current font.
  plt.tight_layout()
/home/cgz/catkin_ws/scripts/analyze_eskf_logs.py:165: UserWarning: Glyph 24577 (\N{CJK UNIFIED IDEOGRAPH-6001}) missing from current font.
  plt.tight_layout()
/home/cgz/catkin_ws/scripts/analyze_eskf_logs.py:166: UserWarning: Glyph 23039 (\N{CJK UNIFIED IDEOGRAPH-59FF}) missing from current font.
  plt.savefig(out_path, dpi=160)
/home/cgz/catkin_ws/scripts/analyze_eskf_logs.py:166: UserWarning: Glyph 24577 (\N{CJK UNIFIED IDEOGRAPH-6001}) missing from current font.
  plt.savefig(out_path, dpi=160)
/home/cgz/catkin_ws/scripts/analyze_eskf_logs.py:165: UserWarning: Glyph 27178 (\N{CJK UNIFIED IDEOGRAPH-6A2A}) missing from current font.
  plt.tight_layout()
/home/cgz/catkin_ws/scripts/analyze_eskf_logs.py:165: UserWarning: Glyph 28378 (\N{CJK UNIFIED IDEOGRAPH-6EDA}) missing from current font.
  plt.tight_layout()
/home/cgz/catkin_ws/scripts/analyze_eskf_logs.py:165: UserWarning: Glyph 35282 (\N{CJK UNIFIED IDEOGRAPH-89D2}) missing from current font.
  plt.tight_layout()
/home/cgz/catkin_ws/scripts/analyze_eskf_logs.py:166: UserWarning: Glyph 27178 (\N{CJK UNIFIED IDEOGRAPH-6A2A}) missing from current font.
  plt.savefig(out_path, dpi=160)
/home/cgz/catkin_ws/scripts/analyze_eskf_logs.py:166: UserWarning: Glyph 28378 (\N{CJK UNIFIED IDEOGRAPH-6EDA}) missing from current font.
  plt.savefig(out_path, dpi=160)
/home/cgz/catkin_ws/scripts/analyze_eskf_logs.py:166: UserWarning: Glyph 35282 (\N{CJK UNIFIED IDEOGRAPH-89D2}) missing from current font.
  plt.savefig(out_path, dpi=160)
/home/cgz/catkin_ws/scripts/analyze_eskf_logs.py:165: UserWarning: Glyph 20463 (\N{CJK UNIFIED IDEOGRAPH-4FEF}) missing from current font.
  plt.tight_layout()
/home/cgz/catkin_ws/scripts/analyze_eskf_logs.py:165: UserWarning: Glyph 20208 (\N{CJK UNIFIED IDEOGRAPH-4EF0}) missing from current font.
  plt.tight_layout()
/home/cgz/catkin_ws/scripts/analyze_eskf_logs.py:166: UserWarning: Glyph 20463 (\N{CJK UNIFIED IDEOGRAPH-4FEF}) missing from current font.
  plt.savefig(out_path, dpi=160)
/home/cgz/catkin_ws/scripts/analyze_eskf_logs.py:166: UserWarning: Glyph 20208 (\N{CJK UNIFIED IDEOGRAPH-4EF0}) missing from current font.
  plt.savefig(out_path, dpi=160)
/home/cgz/catkin_ws/scripts/analyze_eskf_logs.py:165: UserWarning: Glyph 33322 (\N{CJK UNIFIED IDEOGRAPH-822A}) missing from current font.
  plt.tight_layout()
/home/cgz/catkin_ws/scripts/analyze_eskf_logs.py:165: UserWarning: Glyph 21521 (\N{CJK UNIFIED IDEOGRAPH-5411}) missing from current font.
  plt.tight_layout()
/home/cgz/catkin_ws/scripts/analyze_eskf_logs.py:166: UserWarning: Glyph 33322 (\N{CJK UNIFIED IDEOGRAPH-822A}) missing from current font.
  plt.savefig(out_path, dpi=160)
/home/cgz/catkin_ws/scripts/analyze_eskf_logs.py:166: UserWarning: Glyph 21521 (\N{CJK UNIFIED IDEOGRAPH-5411}) missing from current font.
  plt.savefig(out_path, dpi=160)
[INFO] eca_a9_3: samples=46228 duration=46227.0 s posRMSE=1.811155178065043
/home/cgz/catkin_ws/scripts/analyze_eskf_logs.py:165: UserWarning: Glyph 31859 (\N{CJK UNIFIED IDEOGRAPH-7C73}) missing from current font.
  plt.tight_layout()
/home/cgz/catkin_ws/scripts/analyze_eskf_logs.py:165: UserWarning: Glyph 36712 (\N{CJK UNIFIED IDEOGRAPH-8F68}) missing from current font.
  plt.tight_layout()
/home/cgz/catkin_ws/scripts/analyze_eskf_logs.py:165: UserWarning: Glyph 36857 (\N{CJK UNIFIED IDEOGRAPH-8FF9}) missing from current font.
  plt.tight_layout()
/home/cgz/catkin_ws/scripts/analyze_eskf_logs.py:165: UserWarning: Glyph 30495 (\N{CJK UNIFIED IDEOGRAPH-771F}) missing from current font.
  plt.tight_layout()
/home/cgz/catkin_ws/scripts/analyze_eskf_logs.py:165: UserWarning: Glyph 20540 (\N{CJK UNIFIED IDEOGRAPH-503C}) missing from current font.
  plt.tight_layout()
/home/cgz/catkin_ws/scripts/analyze_eskf_logs.py:165: UserWarning: Glyph 20272 (\N{CJK UNIFIED IDEOGRAPH-4F30}) missing from current font.
  plt.tight_layout()
/home/cgz/catkin_ws/scripts/analyze_eskf_logs.py:165: UserWarning: Glyph 35745 (\N{CJK UNIFIED IDEOGRAPH-8BA1}) missing from current font.
  plt.tight_layout()
/home/cgz/catkin_ws/scripts/analyze_eskf_logs.py:166: UserWarning: Glyph 31859 (\N{CJK UNIFIED IDEOGRAPH-7C73}) missing from current font.
  plt.savefig(out_path, dpi=160)
/home/cgz/catkin_ws/scripts/analyze_eskf_logs.py:166: UserWarning: Glyph 36712 (\N{CJK UNIFIED IDEOGRAPH-8F68}) missing from current font.
  plt.savefig(out_path, dpi=160)
/home/cgz/catkin_ws/scripts/analyze_eskf_logs.py:166: UserWarning: Glyph 36857 (\N{CJK UNIFIED IDEOGRAPH-8FF9}) missing from current font.
  plt.savefig(out_path, dpi=160)
/home/cgz/catkin_ws/scripts/analyze_eskf_logs.py:166: UserWarning: Glyph 30495 (\N{CJK UNIFIED IDEOGRAPH-771F}) missing from current font.
  plt.savefig(out_path, dpi=160)
/home/cgz/catkin_ws/scripts/analyze_eskf_logs.py:166: UserWarning: Glyph 20540 (\N{CJK UNIFIED IDEOGRAPH-503C}) missing from current font.
  plt.savefig(out_path, dpi=160)
/home/cgz/catkin_ws/scripts/analyze_eskf_logs.py:166: UserWarning: Glyph 20272 (\N{CJK UNIFIED IDEOGRAPH-4F30}) missing from current font.
  plt.savefig(out_path, dpi=160)
/home/cgz/catkin_ws/scripts/analyze_eskf_logs.py:166: UserWarning: Glyph 35745 (\N{CJK UNIFIED IDEOGRAPH-8BA1}) missing from current font.
  plt.savefig(out_path, dpi=160)
/home/cgz/catkin_ws/scripts/analyze_eskf_logs.py:165: UserWarning: Glyph 26102 (\N{CJK UNIFIED IDEOGRAPH-65F6}) missing from current font.
  plt.tight_layout()
/home/cgz/catkin_ws/scripts/analyze_eskf_logs.py:165: UserWarning: Glyph 38388 (\N{CJK UNIFIED IDEOGRAPH-95F4}) missing from current font.
  plt.tight_layout()
/home/cgz/catkin_ws/scripts/analyze_eskf_logs.py:165: UserWarning: Glyph 31186 (\N{CJK UNIFIED IDEOGRAPH-79D2}) missing from current font.
  plt.tight_layout()
/home/cgz/catkin_ws/scripts/analyze_eskf_logs.py:165: UserWarning: Glyph 20301 (\N{CJK UNIFIED IDEOGRAPH-4F4D}) missing from current font.
  plt.tight_layout()
/home/cgz/catkin_ws/scripts/analyze_eskf_logs.py:165: UserWarning: Glyph 32622 (\N{CJK UNIFIED IDEOGRAPH-7F6E}) missing from current font.
  plt.tight_layout()
/home/cgz/catkin_ws/scripts/analyze_eskf_logs.py:165: UserWarning: Glyph 35823 (\N{CJK UNIFIED IDEOGRAPH-8BEF}) missing from current font.
  plt.tight_layout()
/home/cgz/catkin_ws/scripts/analyze_eskf_logs.py:165: UserWarning: Glyph 24046 (\N{CJK UNIFIED IDEOGRAPH-5DEE}) missing from current font.
  plt.tight_layout()
/home/cgz/catkin_ws/scripts/analyze_eskf_logs.py:165: UserWarning: Glyph 38543 (\N{CJK UNIFIED IDEOGRAPH-968F}) missing from current font.
  plt.tight_layout()
/home/cgz/catkin_ws/scripts/analyze_eskf_logs.py:166: UserWarning: Glyph 26102 (\N{CJK UNIFIED IDEOGRAPH-65F6}) missing from current font.
  plt.savefig(out_path, dpi=160)
/home/cgz/catkin_ws/scripts/analyze_eskf_logs.py:166: UserWarning: Glyph 38388 (\N{CJK UNIFIED IDEOGRAPH-95F4}) missing from current font.
  plt.savefig(out_path, dpi=160)
/home/cgz/catkin_ws/scripts/analyze_eskf_logs.py:166: UserWarning: Glyph 31186 (\N{CJK UNIFIED IDEOGRAPH-79D2}) missing from current font.
  plt.savefig(out_path, dpi=160)
/home/cgz/catkin_ws/scripts/analyze_eskf_logs.py:166: UserWarning: Glyph 20301 (\N{CJK UNIFIED IDEOGRAPH-4F4D}) missing from current font.
  plt.savefig(out_path, dpi=160)
/home/cgz/catkin_ws/scripts/analyze_eskf_logs.py:166: UserWarning: Glyph 32622 (\N{CJK UNIFIED IDEOGRAPH-7F6E}) missing from current font.
  plt.savefig(out_path, dpi=160)
/home/cgz/catkin_ws/scripts/analyze_eskf_logs.py:166: UserWarning: Glyph 35823 (\N{CJK UNIFIED IDEOGRAPH-8BEF}) missing from current font.
  plt.savefig(out_path, dpi=160)
/home/cgz/catkin_ws/scripts/analyze_eskf_logs.py:166: UserWarning: Glyph 24046 (\N{CJK UNIFIED IDEOGRAPH-5DEE}) missing from current font.
  plt.savefig(out_path, dpi=160)
/home/cgz/catkin_ws/scripts/analyze_eskf_logs.py:166: UserWarning: Glyph 38543 (\N{CJK UNIFIED IDEOGRAPH-968F}) missing from current font.
  plt.savefig(out_path, dpi=160)
/home/cgz/catkin_ws/scripts/analyze_eskf_logs.py:165: UserWarning: Glyph 36895 (\N{CJK UNIFIED IDEOGRAPH-901F}) missing from current font.
  plt.tight_layout()
/home/cgz/catkin_ws/scripts/analyze_eskf_logs.py:165: UserWarning: Glyph 24230 (\N{CJK UNIFIED IDEOGRAPH-5EA6}) missing from current font.
  plt.tight_layout()
/home/cgz/catkin_ws/scripts/analyze_eskf_logs.py:166: UserWarning: Glyph 36895 (\N{CJK UNIFIED IDEOGRAPH-901F}) missing from current font.
  plt.savefig(out_path, dpi=160)
/home/cgz/catkin_ws/scripts/analyze_eskf_logs.py:166: UserWarning: Glyph 24230 (\N{CJK UNIFIED IDEOGRAPH-5EA6}) missing from current font.
  plt.savefig(out_path, dpi=160)
/home/cgz/catkin_ws/scripts/analyze_eskf_logs.py:165: UserWarning: Glyph 23039 (\N{CJK UNIFIED IDEOGRAPH-59FF}) missing from current font.
  plt.tight_layout()
/home/cgz/catkin_ws/scripts/analyze_eskf_logs.py:165: UserWarning: Glyph 24577 (\N{CJK UNIFIED IDEOGRAPH-6001}) missing from current font.
  plt.tight_layout()
/home/cgz/catkin_ws/scripts/analyze_eskf_logs.py:166: UserWarning: Glyph 23039 (\N{CJK UNIFIED IDEOGRAPH-59FF}) missing from current font.
  plt.savefig(out_path, dpi=160)
/home/cgz/catkin_ws/scripts/analyze_eskf_logs.py:166: UserWarning: Glyph 24577 (\N{CJK UNIFIED IDEOGRAPH-6001}) missing from current font.
  plt.savefig(out_path, dpi=160)
/home/cgz/catkin_ws/scripts/analyze_eskf_logs.py:165: UserWarning: Glyph 27178 (\N{CJK UNIFIED IDEOGRAPH-6A2A}) missing from current font.
  plt.tight_layout()
/home/cgz/catkin_ws/scripts/analyze_eskf_logs.py:165: UserWarning: Glyph 28378 (\N{CJK UNIFIED IDEOGRAPH-6EDA}) missing from current font.
  plt.tight_layout()
/home/cgz/catkin_ws/scripts/analyze_eskf_logs.py:165: UserWarning: Glyph 35282 (\N{CJK UNIFIED IDEOGRAPH-89D2}) missing from current font.
  plt.tight_layout()
/home/cgz/catkin_ws/scripts/analyze_eskf_logs.py:166: UserWarning: Glyph 27178 (\N{CJK UNIFIED IDEOGRAPH-6A2A}) missing from current font.
  plt.savefig(out_path, dpi=160)
/home/cgz/catkin_ws/scripts/analyze_eskf_logs.py:166: UserWarning: Glyph 28378 (\N{CJK UNIFIED IDEOGRAPH-6EDA}) missing from current font.
  plt.savefig(out_path, dpi=160)
/home/cgz/catkin_ws/scripts/analyze_eskf_logs.py:166: UserWarning: Glyph 35282 (\N{CJK UNIFIED IDEOGRAPH-89D2}) missing from current font.
  plt.savefig(out_path, dpi=160)
/home/cgz/catkin_ws/scripts/analyze_eskf_logs.py:165: UserWarning: Glyph 20463 (\N{CJK UNIFIED IDEOGRAPH-4FEF}) missing from current font.
  plt.tight_layout()
/home/cgz/catkin_ws/scripts/analyze_eskf_logs.py:165: UserWarning: Glyph 20208 (\N{CJK UNIFIED IDEOGRAPH-4EF0}) missing from current font.
  plt.tight_layout()
/home/cgz/catkin_ws/scripts/analyze_eskf_logs.py:166: UserWarning: Glyph 20463 (\N{CJK UNIFIED IDEOGRAPH-4FEF}) missing from current font.
  plt.savefig(out_path, dpi=160)
/home/cgz/catkin_ws/scripts/analyze_eskf_logs.py:166: UserWarning: Glyph 20208 (\N{CJK UNIFIED IDEOGRAPH-4EF0}) missing from current font.
  plt.savefig(out_path, dpi=160)
/home/cgz/catkin_ws/scripts/analyze_eskf_logs.py:165: UserWarning: Glyph 33322 (\N{CJK UNIFIED IDEOGRAPH-822A}) missing from current font.
  plt.tight_layout()
/home/cgz/catkin_ws/scripts/analyze_eskf_logs.py:165: UserWarning: Glyph 21521 (\N{CJK UNIFIED IDEOGRAPH-5411}) missing from current font.
  plt.tight_layout()
/home/cgz/catkin_ws/scripts/analyze_eskf_logs.py:166: UserWarning: Glyph 33322 (\N{CJK UNIFIED IDEOGRAPH-822A}) missing from current font.
  plt.savefig(out_path, dpi=160)
/home/cgz/catkin_ws/scripts/analyze_eskf_logs.py:166: UserWarning: Glyph 21521 (\N{CJK UNIFIED IDEOGRAPH-5411}) missing from current font.
  plt.savefig(out_path, dpi=160)
[INFO] eca_a9_4: samples=46250 duration=46248.3 s posRMSE=0.5666508104824123
/home/cgz/catkin_ws/scripts/analyze_eskf_logs.py:165: UserWarning: Glyph 31859 (\N{CJK UNIFIED IDEOGRAPH-7C73}) missing from current font.
  plt.tight_layout()
/home/cgz/catkin_ws/scripts/analyze_eskf_logs.py:165: UserWarning: Glyph 36712 (\N{CJK UNIFIED IDEOGRAPH-8F68}) missing from current font.
  plt.tight_layout()
/home/cgz/catkin_ws/scripts/analyze_eskf_logs.py:165: UserWarning: Glyph 36857 (\N{CJK UNIFIED IDEOGRAPH-8FF9}) missing from current font.
  plt.tight_layout()
/home/cgz/catkin_ws/scripts/analyze_eskf_logs.py:165: UserWarning: Glyph 30495 (\N{CJK UNIFIED IDEOGRAPH-771F}) missing from current font.
  plt.tight_layout()
/home/cgz/catkin_ws/scripts/analyze_eskf_logs.py:165: UserWarning: Glyph 20540 (\N{CJK UNIFIED IDEOGRAPH-503C}) missing from current font.
  plt.tight_layout()
/home/cgz/catkin_ws/scripts/analyze_eskf_logs.py:165: UserWarning: Glyph 20272 (\N{CJK UNIFIED IDEOGRAPH-4F30}) missing from current font.
  plt.tight_layout()
/home/cgz/catkin_ws/scripts/analyze_eskf_logs.py:165: UserWarning: Glyph 35745 (\N{CJK UNIFIED IDEOGRAPH-8BA1}) missing from current font.
  plt.tight_layout()
/home/cgz/catkin_ws/scripts/analyze_eskf_logs.py:166: UserWarning: Glyph 31859 (\N{CJK UNIFIED IDEOGRAPH-7C73}) missing from current font.
  plt.savefig(out_path, dpi=160)
/home/cgz/catkin_ws/scripts/analyze_eskf_logs.py:166: UserWarning: Glyph 36712 (\N{CJK UNIFIED IDEOGRAPH-8F68}) missing from current font.
  plt.savefig(out_path, dpi=160)
/home/cgz/catkin_ws/scripts/analyze_eskf_logs.py:166: UserWarning: Glyph 36857 (\N{CJK UNIFIED IDEOGRAPH-8FF9}) missing from current font.
  plt.savefig(out_path, dpi=160)
/home/cgz/catkin_ws/scripts/analyze_eskf_logs.py:166: UserWarning: Glyph 30495 (\N{CJK UNIFIED IDEOGRAPH-771F}) missing from current font.
  plt.savefig(out_path, dpi=160)
/home/cgz/catkin_ws/scripts/analyze_eskf_logs.py:166: UserWarning: Glyph 20540 (\N{CJK UNIFIED IDEOGRAPH-503C}) missing from current font.
  plt.savefig(out_path, dpi=160)
/home/cgz/catkin_ws/scripts/analyze_eskf_logs.py:166: UserWarning: Glyph 20272 (\N{CJK UNIFIED IDEOGRAPH-4F30}) missing from current font.
  plt.savefig(out_path, dpi=160)
/home/cgz/catkin_ws/scripts/analyze_eskf_logs.py:166: UserWarning: Glyph 35745 (\N{CJK UNIFIED IDEOGRAPH-8BA1}) missing from current font.
  plt.savefig(out_path, dpi=160)
/home/cgz/catkin_ws/scripts/analyze_eskf_logs.py:165: UserWarning: Glyph 26102 (\N{CJK UNIFIED IDEOGRAPH-65F6}) missing from current font.
  plt.tight_layout()
/home/cgz/catkin_ws/scripts/analyze_eskf_logs.py:165: UserWarning: Glyph 38388 (\N{CJK UNIFIED IDEOGRAPH-95F4}) missing from current font.
  plt.tight_layout()
/home/cgz/catkin_ws/scripts/analyze_eskf_logs.py:165: UserWarning: Glyph 31186 (\N{CJK UNIFIED IDEOGRAPH-79D2}) missing from current font.
  plt.tight_layout()
/home/cgz/catkin_ws/scripts/analyze_eskf_logs.py:165: UserWarning: Glyph 20301 (\N{CJK UNIFIED IDEOGRAPH-4F4D}) missing from current font.
  plt.tight_layout()
/home/cgz/catkin_ws/scripts/analyze_eskf_logs.py:165: UserWarning: Glyph 32622 (\N{CJK UNIFIED IDEOGRAPH-7F6E}) missing from current font.
  plt.tight_layout()
/home/cgz/catkin_ws/scripts/analyze_eskf_logs.py:165: UserWarning: Glyph 35823 (\N{CJK UNIFIED IDEOGRAPH-8BEF}) missing from current font.
  plt.tight_layout()
/home/cgz/catkin_ws/scripts/analyze_eskf_logs.py:165: UserWarning: Glyph 24046 (\N{CJK UNIFIED IDEOGRAPH-5DEE}) missing from current font.
  plt.tight_layout()
/home/cgz/catkin_ws/scripts/analyze_eskf_logs.py:165: UserWarning: Glyph 38543 (\N{CJK UNIFIED IDEOGRAPH-968F}) missing from current font.
  plt.tight_layout()
/home/cgz/catkin_ws/scripts/analyze_eskf_logs.py:166: UserWarning: Glyph 26102 (\N{CJK UNIFIED IDEOGRAPH-65F6}) missing from current font.
  plt.savefig(out_path, dpi=160)
/home/cgz/catkin_ws/scripts/analyze_eskf_logs.py:166: UserWarning: Glyph 38388 (\N{CJK UNIFIED IDEOGRAPH-95F4}) missing from current font.
  plt.savefig(out_path, dpi=160)
/home/cgz/catkin_ws/scripts/analyze_eskf_logs.py:166: UserWarning: Glyph 31186 (\N{CJK UNIFIED IDEOGRAPH-79D2}) missing from current font.
  plt.savefig(out_path, dpi=160)
/home/cgz/catkin_ws/scripts/analyze_eskf_logs.py:166: UserWarning: Glyph 20301 (\N{CJK UNIFIED IDEOGRAPH-4F4D}) missing from current font.
  plt.savefig(out_path, dpi=160)
/home/cgz/catkin_ws/scripts/analyze_eskf_logs.py:166: UserWarning: Glyph 32622 (\N{CJK UNIFIED IDEOGRAPH-7F6E}) missing from current font.
  plt.savefig(out_path, dpi=160)
/home/cgz/catkin_ws/scripts/analyze_eskf_logs.py:166: UserWarning: Glyph 35823 (\N{CJK UNIFIED IDEOGRAPH-8BEF}) missing from current font.
  plt.savefig(out_path, dpi=160)
/home/cgz/catkin_ws/scripts/analyze_eskf_logs.py:166: UserWarning: Glyph 24046 (\N{CJK UNIFIED IDEOGRAPH-5DEE}) missing from current font.
  plt.savefig(out_path, dpi=160)
/home/cgz/catkin_ws/scripts/analyze_eskf_logs.py:166: UserWarning: Glyph 38543 (\N{CJK UNIFIED IDEOGRAPH-968F}) missing from current font.
  plt.savefig(out_path, dpi=160)
/home/cgz/catkin_ws/scripts/analyze_eskf_logs.py:165: UserWarning: Glyph 36895 (\N{CJK UNIFIED IDEOGRAPH-901F}) missing from current font.
  plt.tight_layout()
/home/cgz/catkin_ws/scripts/analyze_eskf_logs.py:165: UserWarning: Glyph 24230 (\N{CJK UNIFIED IDEOGRAPH-5EA6}) missing from current font.
  plt.tight_layout()
/home/cgz/catkin_ws/scripts/analyze_eskf_logs.py:166: UserWarning: Glyph 36895 (\N{CJK UNIFIED IDEOGRAPH-901F}) missing from current font.
  plt.savefig(out_path, dpi=160)
/home/cgz/catkin_ws/scripts/analyze_eskf_logs.py:166: UserWarning: Glyph 24230 (\N{CJK UNIFIED IDEOGRAPH-5EA6}) missing from current font.
  plt.savefig(out_path, dpi=160)
/home/cgz/catkin_ws/scripts/analyze_eskf_logs.py:165: UserWarning: Glyph 23039 (\N{CJK UNIFIED IDEOGRAPH-59FF}) missing from current font.
  plt.tight_layout()
/home/cgz/catkin_ws/scripts/analyze_eskf_logs.py:165: UserWarning: Glyph 24577 (\N{CJK UNIFIED IDEOGRAPH-6001}) missing from current font.
  plt.tight_layout()
/home/cgz/catkin_ws/scripts/analyze_eskf_logs.py:166: UserWarning: Glyph 23039 (\N{CJK UNIFIED IDEOGRAPH-59FF}) missing from current font.
  plt.savefig(out_path, dpi=160)
/home/cgz/catkin_ws/scripts/analyze_eskf_logs.py:166: UserWarning: Glyph 24577 (\N{CJK UNIFIED IDEOGRAPH-6001}) missing from current font.
  plt.savefig(out_path, dpi=160)
/home/cgz/catkin_ws/scripts/analyze_eskf_logs.py:165: UserWarning: Glyph 27178 (\N{CJK UNIFIED IDEOGRAPH-6A2A}) missing from current font.
  plt.tight_layout()
/home/cgz/catkin_ws/scripts/analyze_eskf_logs.py:165: UserWarning: Glyph 28378 (\N{CJK UNIFIED IDEOGRAPH-6EDA}) missing from current font.
  plt.tight_layout()
/home/cgz/catkin_ws/scripts/analyze_eskf_logs.py:165: UserWarning: Glyph 35282 (\N{CJK UNIFIED IDEOGRAPH-89D2}) missing from current font.
  plt.tight_layout()
/home/cgz/catkin_ws/scripts/analyze_eskf_logs.py:166: UserWarning: Glyph 27178 (\N{CJK UNIFIED IDEOGRAPH-6A2A}) missing from current font.
  plt.savefig(out_path, dpi=160)
/home/cgz/catkin_ws/scripts/analyze_eskf_logs.py:166: UserWarning: Glyph 28378 (\N{CJK UNIFIED IDEOGRAPH-6EDA}) missing from current font.
  plt.savefig(out_path, dpi=160)
/home/cgz/catkin_ws/scripts/analyze_eskf_logs.py:166: UserWarning: Glyph 35282 (\N{CJK UNIFIED IDEOGRAPH-89D2}) missing from current font.
  plt.savefig(out_path, dpi=160)
/home/cgz/catkin_ws/scripts/analyze_eskf_logs.py:165: UserWarning: Glyph 20463 (\N{CJK UNIFIED IDEOGRAPH-4FEF}) missing from current font.
  plt.tight_layout()
/home/cgz/catkin_ws/scripts/analyze_eskf_logs.py:165: UserWarning: Glyph 20208 (\N{CJK UNIFIED IDEOGRAPH-4EF0}) missing from current font.
  plt.tight_layout()
/home/cgz/catkin_ws/scripts/analyze_eskf_logs.py:166: UserWarning: Glyph 20463 (\N{CJK UNIFIED IDEOGRAPH-4FEF}) missing from current font.
  plt.savefig(out_path, dpi=160)
/home/cgz/catkin_ws/scripts/analyze_eskf_logs.py:166: UserWarning: Glyph 20208 (\N{CJK UNIFIED IDEOGRAPH-4EF0}) missing from current font.
  plt.savefig(out_path, dpi=160)
/home/cgz/catkin_ws/scripts/analyze_eskf_logs.py:165: UserWarning: Glyph 33322 (\N{CJK UNIFIED IDEOGRAPH-822A}) missing from current font.
  plt.tight_layout()
/home/cgz/catkin_ws/scripts/analyze_eskf_logs.py:165: UserWarning: Glyph 21521 (\N{CJK UNIFIED IDEOGRAPH-5411}) missing from current font.
  plt.tight_layout()
/home/cgz/catkin_ws/scripts/analyze_eskf_logs.py:166: UserWarning: Glyph 33322 (\N{CJK UNIFIED IDEOGRAPH-822A}) missing from current font.
  plt.savefig(out_path, dpi=160)
/home/cgz/catkin_ws/scripts/analyze_eskf_logs.py:166: UserWarning: Glyph 21521 (\N{CJK UNIFIED IDEOGRAPH-5411}) missing from current font.
  plt.savefig(out_path, dpi=160)
[INFO] eca_a9_5: samples=46248 duration=46246.1 s posRMSE=2.6890002300679
