Symlinking /home/cgz/catkin_ws/devel/share/common-lisp/ros/uuv_sensor_ros_plugins_msgs/msg/_package.lisp
Symlinking /home/cgz/catkin_ws/devel/share/common-lisp/ros/uuv_sensor_ros_plugins_msgs/msg/AcousticTxRequest.lisp
Symlinking /home/cgz/catkin_ws/devel/share/common-lisp/ros/uuv_sensor_ros_plugins_msgs/msg/_package_PositionWithCovarianceStamped.lisp
Symlinking /home/cgz/catkin_ws/devel/share/common-lisp/ros/uuv_sensor_ros_plugins_msgs/msg/PositionWithCovariance.lisp
Symlinking /home/cgz/catkin_ws/devel/share/common-lisp/ros/uuv_sensor_ros_plugins_msgs/msg/uuv_sensor_ros_plugins_msgs-msg.asd
Symlinking /home/cgz/catkin_ws/devel/share/common-lisp/ros/uuv_sensor_ros_plugins_msgs/msg/_package_PositionWithCovariance.lisp
Symlinking /home/cgz/catkin_ws/devel/share/common-lisp/ros/uuv_sensor_ros_plugins_msgs/msg/ChemicalParticleConcentration.lisp
Symlinking /home/cgz/catkin_ws/devel/share/common-lisp/ros/uuv_sensor_ros_plugins_msgs/msg/_package_AcousticRangeTWTT.lisp
Symlinking /home/cgz/catkin_ws/devel/share/common-lisp/ros/uuv_sensor_ros_plugins_msgs/msg/_package_DVL.lisp
Symlinking /home/cgz/catkin_ws/devel/share/common-lisp/ros/uuv_sensor_ros_plugins_msgs/msg/Salinity.lisp
Symlinking /home/cgz/catkin_ws/devel/share/common-lisp/ros/uuv_sensor_ros_plugins_msgs/msg/DVL.lisp
Symlinking /home/cgz/catkin_ws/devel/share/common-lisp/ros/uuv_sensor_ros_plugins_msgs/msg/_package_AcousticTxRequest.lisp
Symlinking /home/cgz/catkin_ws/devel/share/common-lisp/ros/uuv_sensor_ros_plugins_msgs/msg/_package_DVLBeam.lisp
Symlinking /home/cgz/catkin_ws/devel/share/common-lisp/ros/uuv_sensor_ros_plugins_msgs/msg/_package_Salinity.lisp
Symlinking /home/cgz/catkin_ws/devel/share/common-lisp/ros/uuv_sensor_ros_plugins_msgs/msg/AcousticRangeTWTT.lisp
Symlinking /home/cgz/catkin_ws/devel/share/common-lisp/ros/uuv_sensor_ros_plugins_msgs/msg/_package_ChemicalParticleConcentration.lisp
Symlinking /home/cgz/catkin_ws/devel/share/common-lisp/ros/uuv_sensor_ros_plugins_msgs/msg/DVLBeam.lisp
Symlinking /home/cgz/catkin_ws/devel/share/common-lisp/ros/uuv_sensor_ros_plugins_msgs/msg/PositionWithCovarianceStamped.lisp
Symlinking /home/cgz/catkin_ws/devel/share/common-lisp/ros/uuv_sensor_ros_plugins_msgs/srv/ChangeSensorState.lisp
Symlinking /home/cgz/catkin_ws/devel/share/common-lisp/ros/uuv_sensor_ros_plugins_msgs/srv/_package.lisp
Symlinking /home/cgz/catkin_ws/devel/share/common-lisp/ros/uuv_sensor_ros_plugins_msgs/srv/uuv_sensor_ros_plugins_msgs-srv.asd
Symlinking /home/cgz/catkin_ws/devel/share/common-lisp/ros/uuv_sensor_ros_plugins_msgs/srv/_package_ChangeSensorState.lisp
Symlinking /home/cgz/catkin_ws/devel/share/gennodejs/ros/uuv_sensor_ros_plugins_msgs/_index.js
Symlinking /home/cgz/catkin_ws/devel/share/gennodejs/ros/uuv_sensor_ros_plugins_msgs/msg/_index.js
Symlinking /home/cgz/catkin_ws/devel/share/gennodejs/ros/uuv_sensor_ros_plugins_msgs/msg/ChemicalParticleConcentration.js
Symlinking /home/cgz/catkin_ws/devel/share/gennodejs/ros/uuv_sensor_ros_plugins_msgs/msg/Salinity.js
Symlinking /home/cgz/catkin_ws/devel/share/gennodejs/ros/uuv_sensor_ros_plugins_msgs/msg/DVL.js
Symlinking /home/cgz/catkin_ws/devel/share/gennodejs/ros/uuv_sensor_ros_plugins_msgs/msg/DVLBeam.js
Symlinking /home/cgz/catkin_ws/devel/share/gennodejs/ros/uuv_sensor_ros_plugins_msgs/msg/PositionWithCovariance.js
Symlinking /home/cgz/catkin_ws/devel/share/gennodejs/ros/uuv_sensor_ros_plugins_msgs/msg/AcousticTxRequest.js
Symlinking /home/cgz/catkin_ws/devel/share/gennodejs/ros/uuv_sensor_ros_plugins_msgs/msg/PositionWithCovarianceStamped.js
Symlinking /home/cgz/catkin_ws/devel/share/gennodejs/ros/uuv_sensor_ros_plugins_msgs/msg/AcousticRangeTWTT.js
Symlinking /home/cgz/catkin_ws/devel/share/gennodejs/ros/uuv_sensor_ros_plugins_msgs/srv/_index.js
Symlinking /home/cgz/catkin_ws/devel/share/gennodejs/ros/uuv_sensor_ros_plugins_msgs/srv/ChangeSensorState.js
Symlinking /home/cgz/catkin_ws/devel/share/uuv_sensor_ros_plugins_msgs/cmake/uuv_sensor_ros_plugins_msgs-msg-extras.cmake
Symlinking /home/cgz/catkin_ws/devel/share/uuv_sensor_ros_plugins_msgs/cmake/uuv_sensor_ros_plugins_msgsConfig-version.cmake
Symlinking /home/cgz/catkin_ws/devel/share/uuv_sensor_ros_plugins_msgs/cmake/uuv_sensor_ros_plugins_msgs-msg-paths.cmake
Symlinking /home/cgz/catkin_ws/devel/share/uuv_sensor_ros_plugins_msgs/cmake/uuv_sensor_ros_plugins_msgsConfig.cmake
Symlinking /home/cgz/catkin_ws/devel/share/roseus/ros/uuv_sensor_ros_plugins_msgs/manifest.l
Symlinking /home/cgz/catkin_ws/devel/share/roseus/ros/uuv_sensor_ros_plugins_msgs/msg/DVLBeam.l
Symlinking /home/cgz/catkin_ws/devel/share/roseus/ros/uuv_sensor_ros_plugins_msgs/msg/DVL.l
Symlinking /home/cgz/catkin_ws/devel/share/roseus/ros/uuv_sensor_ros_plugins_msgs/msg/PositionWithCovariance.l
Symlinking /home/cgz/catkin_ws/devel/share/roseus/ros/uuv_sensor_ros_plugins_msgs/msg/AcousticRangeTWTT.l
Symlinking /home/cgz/catkin_ws/devel/share/roseus/ros/uuv_sensor_ros_plugins_msgs/msg/AcousticTxRequest.l
Symlinking /home/cgz/catkin_ws/devel/share/roseus/ros/uuv_sensor_ros_plugins_msgs/msg/Salinity.l
Symlinking /home/cgz/catkin_ws/devel/share/roseus/ros/uuv_sensor_ros_plugins_msgs/msg/ChemicalParticleConcentration.l
Symlinking /home/cgz/catkin_ws/devel/share/roseus/ros/uuv_sensor_ros_plugins_msgs/msg/PositionWithCovarianceStamped.l
Symlinking /home/cgz/catkin_ws/devel/share/roseus/ros/uuv_sensor_ros_plugins_msgs/srv/ChangeSensorState.l
Symlinking /home/cgz/catkin_ws/devel/lib/python3/dist-packages/uuv_sensor_ros_plugins_msgs/__init__.py
Symlinking /home/cgz/catkin_ws/devel/lib/python3/dist-packages/uuv_sensor_ros_plugins_msgs/msg/__init__.py
Symlinking /home/cgz/catkin_ws/devel/lib/python3/dist-packages/uuv_sensor_ros_plugins_msgs/msg/_Salinity.py
Symlinking /home/cgz/catkin_ws/devel/lib/python3/dist-packages/uuv_sensor_ros_plugins_msgs/msg/_AcousticTxRequest.py
Symlinking /home/cgz/catkin_ws/devel/lib/python3/dist-packages/uuv_sensor_ros_plugins_msgs/msg/_DVL.py
Symlinking /home/cgz/catkin_ws/devel/lib/python3/dist-packages/uuv_sensor_ros_plugins_msgs/msg/_AcousticRangeTWTT.py
Symlinking /home/cgz/catkin_ws/devel/lib/python3/dist-packages/uuv_sensor_ros_plugins_msgs/msg/_DVLBeam.py
Symlinking /home/cgz/catkin_ws/devel/lib/python3/dist-packages/uuv_sensor_ros_plugins_msgs/msg/_PositionWithCovariance.py
Symlinking /home/cgz/catkin_ws/devel/lib/python3/dist-packages/uuv_sensor_ros_plugins_msgs/msg/_ChemicalParticleConcentration.py
Symlinking /home/cgz/catkin_ws/devel/lib/python3/dist-packages/uuv_sensor_ros_plugins_msgs/msg/_PositionWithCovarianceStamped.py
Symlinking /home/cgz/catkin_ws/devel/lib/python3/dist-packages/uuv_sensor_ros_plugins_msgs/srv/__init__.py
Symlinking /home/cgz/catkin_ws/devel/lib/python3/dist-packages/uuv_sensor_ros_plugins_msgs/srv/_ChangeSensorState.py
Symlinking /home/cgz/catkin_ws/devel/lib/pkgconfig/uuv_sensor_ros_plugins_msgs.pc
Symlinking /home/cgz/catkin_ws/devel/include/uuv_sensor_ros_plugins_msgs/DVL.h
Symlinking /home/cgz/catkin_ws/devel/include/uuv_sensor_ros_plugins_msgs/PositionWithCovarianceStamped.h
Symlinking /home/cgz/catkin_ws/devel/include/uuv_sensor_ros_plugins_msgs/DVLBeam.h
Symlinking /home/cgz/catkin_ws/devel/include/uuv_sensor_ros_plugins_msgs/AcousticRangeTWTT.h
Symlinking /home/cgz/catkin_ws/devel/include/uuv_sensor_ros_plugins_msgs/Salinity.h
Symlinking /home/cgz/catkin_ws/devel/include/uuv_sensor_ros_plugins_msgs/AcousticTxRequest.h
Symlinking /home/cgz/catkin_ws/devel/include/uuv_sensor_ros_plugins_msgs/ChemicalParticleConcentration.h
Symlinking /home/cgz/catkin_ws/devel/include/uuv_sensor_ros_plugins_msgs/ChangeSensorStateRequest.h
Symlinking /home/cgz/catkin_ws/devel/include/uuv_sensor_ros_plugins_msgs/ChangeSensorState.h
Symlinking /home/cgz/catkin_ws/devel/include/uuv_sensor_ros_plugins_msgs/ChangeSensorStateResponse.h
Symlinking /home/cgz/catkin_ws/devel/include/uuv_sensor_ros_plugins_msgs/PositionWithCovariance.h
