[35m[1mScanning dependencies of target _uuv_sensor_ros_plugins_msgs_generate_messages_check_deps_DVLBeam[0m
[35m[1mScanning dependencies of target _uuv_sensor_ros_plugins_msgs_generate_messages_check_deps_DVL[0m
[35m[1mScanning dependencies of target _uuv_sensor_ros_plugins_msgs_generate_messages_check_deps_AcousticTxRequest[0m
[35m[1mScanning dependencies of target _uuv_sensor_ros_plugins_msgs_generate_messages_check_deps_AcousticRangeTWTT[0m
[35m[1mScanning dependencies of target geometry_msgs_generate_messages_cpp[0m
[35m[1mScanning dependencies of target _uuv_sensor_ros_plugins_msgs_generate_messages_check_deps_Salinity[0m
[35m[1mScanning dependencies of target _uuv_sensor_ros_plugins_msgs_generate_messages_check_deps_PositionWithCovariance[0m
[35m[1mScanning dependencies of target geometry_msgs_generate_messages_eus[0m
[35m[1mScanning dependencies of target _uuv_sensor_ros_plugins_msgs_generate_messages_check_deps_PositionWithCovarianceStamped[0m
[35m[1mScanning dependencies of target _uuv_sensor_ros_plugins_msgs_generate_messages_check_deps_ChemicalParticleConcentration[0m
[35m[1mScanning dependencies of target geometry_msgs_generate_messages_py[0m
[35m[1mScanning dependencies of target _uuv_sensor_ros_plugins_msgs_generate_messages_check_deps_ChangeSensorState[0m
[35m[1mScanning dependencies of target geometry_msgs_generate_messages_lisp[0m
[35m[1mScanning dependencies of target geometry_msgs_generate_messages_nodejs[0m
[  0%] Built target geometry_msgs_generate_messages_cpp
[  0%] Built target geometry_msgs_generate_messages_eus
[  0%] Built target geometry_msgs_generate_messages_py
[  0%] Built target geometry_msgs_generate_messages_lisp
[  0%] Built target geometry_msgs_generate_messages_nodejs
[  0%] Built target _uuv_sensor_ros_plugins_msgs_generate_messages_check_deps_AcousticTxRequest
[  0%] Built target _uuv_sensor_ros_plugins_msgs_generate_messages_check_deps_DVLBeam
[  0%] Built target _uuv_sensor_ros_plugins_msgs_generate_messages_check_deps_ChemicalParticleConcentration
[  0%] Built target _uuv_sensor_ros_plugins_msgs_generate_messages_check_deps_Salinity
[  0%] Built target _uuv_sensor_ros_plugins_msgs_generate_messages_check_deps_DVL
[  0%] Built target _uuv_sensor_ros_plugins_msgs_generate_messages_check_deps_PositionWithCovarianceStamped
[  0%] Built target _uuv_sensor_ros_plugins_msgs_generate_messages_check_deps_PositionWithCovariance
[  0%] Built target _uuv_sensor_ros_plugins_msgs_generate_messages_check_deps_AcousticRangeTWTT
[  0%] Built target _uuv_sensor_ros_plugins_msgs_generate_messages_check_deps_ChangeSensorState
[35m[1mScanning dependencies of target uuv_sensor_ros_plugins_msgs_generate_messages_eus[0m
[35m[1mScanning dependencies of target uuv_sensor_ros_plugins_msgs_generate_messages_nodejs[0m
[35m[1mScanning dependencies of target uuv_sensor_ros_plugins_msgs_generate_messages_py[0m
[35m[1mScanning dependencies of target uuv_sensor_ros_plugins_msgs_generate_messages_lisp[0m
[35m[1mScanning dependencies of target uuv_sensor_ros_plugins_msgs_generate_messages_cpp[0m
[  2%] [34m[1mGenerating Javascript code from uuv_sensor_ros_plugins_msgs/DVL.msg[0m
[  6%] [34m[1mGenerating Lisp code from uuv_sensor_ros_plugins_msgs/DVL.msg[0m
[  6%] [34m[1mGenerating Python from MSG uuv_sensor_ros_plugins_msgs/DVLBeam[0m
[  8%] [34m[1mGenerating EusLisp code from uuv_sensor_ros_plugins_msgs/DVLBeam.msg[0m
[ 12%] [34m[1mGenerating Python from MSG uuv_sensor_ros_plugins_msgs/DVL[0m
[ 12%] [34m[1mGenerating Python from MSG uuv_sensor_ros_plugins_msgs/PositionWithCovariance[0m
[ 14%] [34m[1mGenerating Javascript code from uuv_sensor_ros_plugins_msgs/DVLBeam.msg[0m
[ 20%] [34m[1mGenerating C++ code from uuv_sensor_ros_plugins_msgs/DVL.msg[0m
[ 20%] [34m[1mGenerating C++ code from uuv_sensor_ros_plugins_msgs/PositionWithCovariance.msg[0m
[ 22%] [34m[1mGenerating Javascript code from uuv_sensor_ros_plugins_msgs/PositionWithCovariance.msg[0m
[ 20%] [34m[1mGenerating Lisp code from uuv_sensor_ros_plugins_msgs/PositionWithCovariance.msg[0m
[ 27%] [34m[1mGenerating Javascript code from uuv_sensor_ros_plugins_msgs/PositionWithCovarianceStamped.msg[0m
[ 31%] [34m[1mGenerating EusLisp code from uuv_sensor_ros_plugins_msgs/ChemicalParticleConcentration.msg[0m
[ 31%] [34m[1mGenerating C++ code from uuv_sensor_ros_plugins_msgs/DVLBeam.msg[0m
[ 25%] [34m[1mGenerating EusLisp code from uuv_sensor_ros_plugins_msgs/PositionWithCovarianceStamped.msg[0m
[ 33%] [34m[1mGenerating Lisp code from uuv_sensor_ros_plugins_msgs/DVLBeam.msg[0m
[ 35%] [34m[1mGenerating Python from MSG uuv_sensor_ros_plugins_msgs/PositionWithCovarianceStamped[0m
[ 37%] [34m[1mGenerating EusLisp code from uuv_sensor_ros_plugins_msgs/DVL.msg[0m
[ 39%] [34m[1mGenerating EusLisp code from uuv_sensor_ros_plugins_msgs/PositionWithCovariance.msg[0m
[ 41%] [34m[1mGenerating Lisp code from uuv_sensor_ros_plugins_msgs/PositionWithCovarianceStamped.msg[0m
[ 43%] [34m[1mGenerating Lisp code from uuv_sensor_ros_plugins_msgs/ChemicalParticleConcentration.msg[0m
[ 45%] [34m[1mGenerating EusLisp code from uuv_sensor_ros_plugins_msgs/Salinity.msg[0m
[ 47%] [34m[1mGenerating EusLisp code from uuv_sensor_ros_plugins_msgs/AcousticRangeTWTT.msg[0m
[ 50%] [34m[1mGenerating Lisp code from uuv_sensor_ros_plugins_msgs/Salinity.msg[0m
[ 52%] [34m[1mGenerating EusLisp code from uuv_sensor_ros_plugins_msgs/AcousticTxRequest.msg[0m
[ 54%] [34m[1mGenerating Lisp code from uuv_sensor_ros_plugins_msgs/AcousticTxRequest.msg[0m
[ 56%] [34m[1mGenerating C++ code from uuv_sensor_ros_plugins_msgs/PositionWithCovarianceStamped.msg[0m
[ 58%] [34m[1mGenerating Javascript code from uuv_sensor_ros_plugins_msgs/ChemicalParticleConcentration.msg[0m
[ 60%] [34m[1mGenerating Javascript code from uuv_sensor_ros_plugins_msgs/AcousticTxRequest.msg[0m
[ 62%] [34m[1mGenerating Javascript code from uuv_sensor_ros_plugins_msgs/Salinity.msg[0m
[ 64%] [34m[1mGenerating C++ code from uuv_sensor_ros_plugins_msgs/ChemicalParticleConcentration.msg[0m
[ 66%] [34m[1mGenerating Javascript code from uuv_sensor_ros_plugins_msgs/AcousticRangeTWTT.msg[0m
[ 68%] [34m[1mGenerating EusLisp code from uuv_sensor_ros_plugins_msgs/ChangeSensorState.srv[0m
[ 70%] [34m[1mGenerating Python from MSG uuv_sensor_ros_plugins_msgs/ChemicalParticleConcentration[0m
[ 72%] [34m[1mGenerating Python from MSG uuv_sensor_ros_plugins_msgs/Salinity[0m
[ 75%] [34m[1mGenerating C++ code from uuv_sensor_ros_plugins_msgs/Salinity.msg[0m
[ 77%] [34m[1mGenerating Python from MSG uuv_sensor_ros_plugins_msgs/AcousticTxRequest[0m
[ 79%] [34m[1mGenerating C++ code from uuv_sensor_ros_plugins_msgs/AcousticTxRequest.msg[0m
[ 81%] [34m[1mGenerating C++ code from uuv_sensor_ros_plugins_msgs/AcousticRangeTWTT.msg[0m
[ 83%] [34m[1mGenerating EusLisp manifest code for uuv_sensor_ros_plugins_msgs[0m
[ 85%] [34m[1mGenerating Lisp code from uuv_sensor_ros_plugins_msgs/AcousticRangeTWTT.msg[0m
[ 89%] [34m[1mGenerating C++ code from uuv_sensor_ros_plugins_msgs/ChangeSensorState.srv[0m
[ 89%] [34m[1mGenerating Javascript code from uuv_sensor_ros_plugins_msgs/ChangeSensorState.srv[0m
[ 91%] [34m[1mGenerating Lisp code from uuv_sensor_ros_plugins_msgs/ChangeSensorState.srv[0m
[ 93%] [34m[1mGenerating Python from MSG uuv_sensor_ros_plugins_msgs/AcousticRangeTWTT[0m
[ 95%] [34m[1mGenerating Python code from SRV uuv_sensor_ros_plugins_msgs/ChangeSensorState[0m
[ 95%] Built target uuv_sensor_ros_plugins_msgs_generate_messages_lisp
[ 95%] Built target uuv_sensor_ros_plugins_msgs_generate_messages_nodejs
[100%] [34m[1mGenerating Python msg __init__.py for uuv_sensor_ros_plugins_msgs[0m
[100%] [34m[1mGenerating Python srv __init__.py for uuv_sensor_ros_plugins_msgs[0m
[100%] Built target uuv_sensor_ros_plugins_msgs_generate_messages_cpp
[100%] Built target uuv_sensor_ros_plugins_msgs_generate_messages_py
[100%] Built target uuv_sensor_ros_plugins_msgs_generate_messages_eus
[35m[1mScanning dependencies of target uuv_sensor_ros_plugins_msgs_generate_messages[0m
[100%] Built target uuv_sensor_ros_plugins_msgs_generate_messages
